[2018-10-13 22:57:33,242] [INFO] "GET /api/jingqulist HTTP/1.1" 200 3058
[2018-10-13 22:58:04,643] [INFO] "GET /api/jingqulist HTTP/1.1" 200 3058
[2018-10-14 17:19:50,513] [INFO] "GET /api/jingqulist HTTP/1.1" 200 3324
[2018-10-14 17:28:38,097] [INFO] "GET /api/jingdianlist/1 HTTP/1.1" 200 3883
[2018-10-14 17:33:11,584] [INFO] "GET /api/jingqucount/1 HTTP/1.1" 200 72
[2018-10-14 17:33:54,285] [INFO] "GET /api/jingqucount/1 HTTP/1.1" 200 76
[2018-10-14 17:33:59,910] [INFO] "GET /api/jingqucount/2 HTTP/1.1" 200 77
[2018-10-14 17:34:21,414] [INFO] "GET /api/jingqucount/18 HTTP/1.1" 200 75
[2018-10-14 17:34:29,214] [INFO] "GET /api/jingqucount/17 HTTP/1.1" 200 76
[2018-10-14 17:34:35,536] [INFO] "GET /api/jingqucount/11 HTTP/1.1" 200 76
[2018-10-14 18:19:55,587] [ERROR] Internal Server Error: /api/jingqudetail/1
Traceback (most recent call last):
  File "E:\Anaconda\envs\en1\lib\site-packages\django\core\handlers\exception.py", line 35, in inner
    response = get_response(request)
  File "E:\Anaconda\envs\en1\lib\site-packages\django\core\handlers\base.py", line 128, in _get_response
    response = self.process_exception_by_middleware(e, request)
  File "E:\Anaconda\envs\en1\lib\site-packages\django\core\handlers\base.py", line 126, in _get_response
    response = wrapped_callback(request, *callback_args, **callback_kwargs)
  File "E:\Anaconda\envs\en1\lib\site-packages\django\views\decorators\csrf.py", line 54, in wrapped_view
    return view_func(*args, **kwargs)
  File "E:\Anaconda\envs\en1\lib\site-packages\django\views\generic\base.py", line 69, in view
    return self.dispatch(request, *args, **kwargs)
  File "E:\Anaconda\envs\en1\lib\site-packages\rest_framework\views.py", line 483, in dispatch
    response = self.handle_exception(exc)
  File "E:\Anaconda\envs\en1\lib\site-packages\rest_framework\views.py", line 443, in handle_exception
    self.raise_uncaught_exception(exc)
  File "E:\Anaconda\envs\en1\lib\site-packages\rest_framework\views.py", line 480, in dispatch
    response = handler(request, *args, **kwargs)
  File "D:\资料\GitHub\TourCommentApiPro\TourCommentApi\TourCommentApi\Views\jingquDetailView.py", line 60, in get
    return get_jingqu_detail(request,id);
  File "D:\资料\GitHub\TourCommentApiPro\TourCommentApi\TourCommentApi\Views\jingquDetailView.py", line 19, in get_jingqu_detail
    this_year_comments = comment.objects(data_region__contains = search_key,comment_time__contains = str(datetime.datetime().year));
TypeError: Required argument 'year' (pos 1) not found
[2018-10-14 18:19:56,457] [ERROR] "GET /api/jingqudetail/1 HTTP/1.1" 500 96017
[2018-10-14 18:23:19,354] [ERROR] Internal Server Error: /api/jingqudetail/1
Traceback (most recent call last):
  File "E:\Anaconda\envs\en1\lib\site-packages\django\core\handlers\exception.py", line 35, in inner
    response = get_response(request)
  File "E:\Anaconda\envs\en1\lib\site-packages\django\core\handlers\base.py", line 128, in _get_response
    response = self.process_exception_by_middleware(e, request)
  File "E:\Anaconda\envs\en1\lib\site-packages\django\core\handlers\base.py", line 126, in _get_response
    response = wrapped_callback(request, *callback_args, **callback_kwargs)
  File "E:\Anaconda\envs\en1\lib\site-packages\django\views\decorators\csrf.py", line 54, in wrapped_view
    return view_func(*args, **kwargs)
  File "E:\Anaconda\envs\en1\lib\site-packages\django\views\generic\base.py", line 69, in view
    return self.dispatch(request, *args, **kwargs)
  File "E:\Anaconda\envs\en1\lib\site-packages\rest_framework\views.py", line 483, in dispatch
    response = self.handle_exception(exc)
  File "E:\Anaconda\envs\en1\lib\site-packages\rest_framework\views.py", line 443, in handle_exception
    self.raise_uncaught_exception(exc)
  File "E:\Anaconda\envs\en1\lib\site-packages\rest_framework\views.py", line 480, in dispatch
    response = handler(request, *args, **kwargs)
  File "D:\资料\GitHub\TourCommentApiPro\TourCommentApi\TourCommentApi\Views\jingquDetailView.py", line 60, in get
    return get_jingqu_detail(request,id);
  File "D:\资料\GitHub\TourCommentApiPro\TourCommentApi\TourCommentApi\Views\jingquDetailView.py", line 44, in get_jingqu_detail
    res['thisMonthCommentNumber'] = this_year_month_comments.average('comment_score').count();
AttributeError: 'float' object has no attribute 'count'
[2018-10-14 18:23:37,456] [ERROR] "GET /api/jingqudetail/1 HTTP/1.1" 500 100176
[2018-10-14 18:24:12,886] [INFO] "GET /api/jingqudetail/1 HTTP/1.1" 200 236
[2018-10-14 18:27:43,292] [INFO] "GET /api/jingqudetail/2 HTTP/1.1" 200 237
[2018-10-14 20:17:15,698] [INFO] "POST /api/login HTTP/1.1" 200 229
[2018-10-14 20:18:02,709] [INFO] "POST /api/login HTTP/1.1" 200 229
[2018-10-14 20:18:04,641] [INFO] "OPTIONS /api/getAllTour HTTP/1.1" 200 0
[2018-10-14 20:18:04,705] [WARNING] Not Found: /api/getAllTour
[2018-10-14 20:18:04,710] [WARNING] "POST /api/getAllTour HTTP/1.1" 404 2882
[2018-10-14 20:20:29,291] [INFO] "POST /api/login HTTP/1.1" 200 229
[2018-10-14 20:20:43,092] [INFO] "OPTIONS /api/jingqulist HTTP/1.1" 200 0
[2018-10-14 20:20:43,155] [WARNING] "POST /api/jingqulist HTTP/1.1" 405 41
[2018-10-14 20:21:01,434] [INFO] "POST /api/login HTTP/1.1" 200 229
[2018-10-14 20:21:23,469] [INFO] "GET /api/jingqulist HTTP/1.1" 200 3324
[2018-10-15 13:41:36,653] [ERROR] Internal Server Error: /api/spotnumcompared
Traceback (most recent call last):
  File "E:\Anaconda\envs\en1\lib\site-packages\django\core\handlers\exception.py", line 35, in inner
    response = get_response(request)
  File "E:\Anaconda\envs\en1\lib\site-packages\django\core\handlers\base.py", line 128, in _get_response
    response = self.process_exception_by_middleware(e, request)
  File "E:\Anaconda\envs\en1\lib\site-packages\django\core\handlers\base.py", line 126, in _get_response
    response = wrapped_callback(request, *callback_args, **callback_kwargs)
  File "E:\Anaconda\envs\en1\lib\site-packages\django\views\decorators\csrf.py", line 54, in wrapped_view
    return view_func(*args, **kwargs)
  File "E:\Anaconda\envs\en1\lib\site-packages\django\views\generic\base.py", line 69, in view
    return self.dispatch(request, *args, **kwargs)
  File "E:\Anaconda\envs\en1\lib\site-packages\rest_framework\views.py", line 483, in dispatch
    response = self.handle_exception(exc)
  File "E:\Anaconda\envs\en1\lib\site-packages\rest_framework\views.py", line 443, in handle_exception
    self.raise_uncaught_exception(exc)
  File "E:\Anaconda\envs\en1\lib\site-packages\rest_framework\views.py", line 480, in dispatch
    response = handler(request, *args, **kwargs)
  File "D:\资料\GitHub\TourCommentApiPro\TourCommentApi\TourCommentApi\Views\JingquDymanicCommentView.py", line 53, in post
    return get_jingqu_dymanic_comment(request);
TypeError: get_jingqu_dymanic_comment() missing 1 required positional argument: 'id'
[2018-10-15 13:41:37,482] [ERROR] "POST /api/spotnumcompared HTTP/1.1" 500 17230
[2018-10-15 13:42:37,958] [ERROR] Internal Server Error: /api/spotnumcompared
Traceback (most recent call last):
  File "E:\Anaconda\envs\en1\lib\site-packages\django\core\handlers\exception.py", line 35, in inner
    response = get_response(request)
  File "E:\Anaconda\envs\en1\lib\site-packages\django\core\handlers\base.py", line 128, in _get_response
    response = self.process_exception_by_middleware(e, request)
  File "E:\Anaconda\envs\en1\lib\site-packages\django\core\handlers\base.py", line 126, in _get_response
    response = wrapped_callback(request, *callback_args, **callback_kwargs)
  File "E:\Anaconda\envs\en1\lib\site-packages\django\views\decorators\csrf.py", line 54, in wrapped_view
    return view_func(*args, **kwargs)
  File "E:\Anaconda\envs\en1\lib\site-packages\django\views\generic\base.py", line 69, in view
    return self.dispatch(request, *args, **kwargs)
  File "E:\Anaconda\envs\en1\lib\site-packages\rest_framework\views.py", line 483, in dispatch
    response = self.handle_exception(exc)
  File "E:\Anaconda\envs\en1\lib\site-packages\rest_framework\views.py", line 443, in handle_exception
    self.raise_uncaught_exception(exc)
  File "E:\Anaconda\envs\en1\lib\site-packages\rest_framework\views.py", line 480, in dispatch
    response = handler(request, *args, **kwargs)
  File "D:\资料\GitHub\TourCommentApiPro\TourCommentApi\TourCommentApi\Views\SpotNumComparedView.py", line 63, in post
    return get_spot_num_compard(request);
TypeError: get_spot_num_compard() missing 1 required positional argument: 'id'
[2018-10-15 13:42:38,206] [ERROR] "POST /api/spotnumcompared HTTP/1.1" 500 17207
[2018-10-15 13:43:10,935] [INFO] This is an errormsg
[2018-10-15 13:43:10,961] [INFO] "POST /api/spotnumcompared HTTP/1.1" 200 52
[2018-10-15 13:44:02,763] [INFO] This is an errormsg
[2018-10-15 13:44:02,773] [INFO] "POST /api/spotnumcompared HTTP/1.1" 200 52
[2018-10-15 13:44:42,636] [ERROR] Internal Server Error: /api/spotnumcompared
Traceback (most recent call last):
  File "E:\Anaconda\envs\en1\lib\site-packages\mongoengine\queryset\transform.py", line 61, in query
    fields = _doc_cls._lookup_field(parts)
  File "E:\Anaconda\envs\en1\lib\site-packages\mongoengine\base\document.py", line 1009, in _lookup_field
    raise LookUpError('Cannot resolve field "%s"' % field_name)
mongoengine.errors.LookUpError: Cannot resolve field "comment_month"

During handling of the above exception, another exception occurred:

Traceback (most recent call last):
  File "E:\Anaconda\envs\en1\lib\site-packages\django\core\handlers\exception.py", line 35, in inner
    response = get_response(request)
  File "E:\Anaconda\envs\en1\lib\site-packages\django\core\handlers\base.py", line 128, in _get_response
    response = self.process_exception_by_middleware(e, request)
  File "E:\Anaconda\envs\en1\lib\site-packages\django\core\handlers\base.py", line 126, in _get_response
    response = wrapped_callback(request, *callback_args, **callback_kwargs)
  File "E:\Anaconda\envs\en1\lib\site-packages\django\views\decorators\csrf.py", line 54, in wrapped_view
    return view_func(*args, **kwargs)
  File "E:\Anaconda\envs\en1\lib\site-packages\django\views\generic\base.py", line 69, in view
    return self.dispatch(request, *args, **kwargs)
  File "E:\Anaconda\envs\en1\lib\site-packages\rest_framework\views.py", line 483, in dispatch
    response = self.handle_exception(exc)
  File "E:\Anaconda\envs\en1\lib\site-packages\rest_framework\views.py", line 443, in handle_exception
    self.raise_uncaught_exception(exc)
  File "E:\Anaconda\envs\en1\lib\site-packages\rest_framework\views.py", line 480, in dispatch
    response = handler(request, *args, **kwargs)
  File "D:\资料\GitHub\TourCommentApiPro\TourCommentApi\TourCommentApi\Views\SpotNumComparedView.py", line 63, in post
    return get_spot_num_compard(request);
  File "D:\资料\GitHub\TourCommentApiPro\TourCommentApi\TourCommentApi\Views\SpotNumComparedView.py", line 36, in get_spot_num_compard
    cnts.append(comments.count());
  File "E:\Anaconda\envs\en1\lib\site-packages\mongoengine\queryset\queryset.py", line 133, in count
    return super(QuerySet, self).count(with_limit_and_skip)
  File "E:\Anaconda\envs\en1\lib\site-packages\mongoengine\queryset\base.py", line 401, in count
    return self._cursor.count(with_limit_and_skip=with_limit_and_skip)
  File "E:\Anaconda\envs\en1\lib\site-packages\mongoengine\queryset\base.py", line 1567, in _cursor
    self._cursor_obj = self._collection.find(self._query,
  File "E:\Anaconda\envs\en1\lib\site-packages\mongoengine\queryset\base.py", line 1613, in _query
    self._mongo_query = self._query_obj.to_query(self._document)
  File "E:\Anaconda\envs\en1\lib\site-packages\mongoengine\queryset\visitor.py", line 89, in to_query
    query = query.accept(QueryCompilerVisitor(document))
  File "E:\Anaconda\envs\en1\lib\site-packages\mongoengine\queryset\visitor.py", line 155, in accept
    return visitor.visit_query(self)
  File "E:\Anaconda\envs\en1\lib\site-packages\mongoengine\queryset\visitor.py", line 78, in visit_query
    return transform.query(self.document, **query.query)
  File "E:\Anaconda\envs\en1\lib\site-packages\mongoengine\queryset\transform.py", line 63, in query
    raise InvalidQueryError(e)
mongoengine.errors.InvalidQueryError: Cannot resolve field "comment_month"
[2018-10-15 13:44:43,090] [ERROR] "POST /api/spotnumcompared HTTP/1.1" 500 19034
[2018-10-15 14:25:41,191] [ERROR] Internal Server Error: /api/spotnumcompared
Traceback (most recent call last):
  File "E:\Anaconda\envs\en1\lib\site-packages\django\core\handlers\exception.py", line 35, in inner
    response = get_response(request)
  File "E:\Anaconda\envs\en1\lib\site-packages\django\core\handlers\base.py", line 128, in _get_response
    response = self.process_exception_by_middleware(e, request)
  File "E:\Anaconda\envs\en1\lib\site-packages\django\core\handlers\base.py", line 126, in _get_response
    response = wrapped_callback(request, *callback_args, **callback_kwargs)
  File "E:\Anaconda\envs\en1\lib\site-packages\django\views\decorators\csrf.py", line 54, in wrapped_view
    return view_func(*args, **kwargs)
  File "E:\Anaconda\envs\en1\lib\site-packages\django\views\generic\base.py", line 69, in view
    return self.dispatch(request, *args, **kwargs)
  File "E:\Anaconda\envs\en1\lib\site-packages\rest_framework\views.py", line 483, in dispatch
    response = self.handle_exception(exc)
  File "E:\Anaconda\envs\en1\lib\site-packages\rest_framework\views.py", line 443, in handle_exception
    self.raise_uncaught_exception(exc)
  File "E:\Anaconda\envs\en1\lib\site-packages\rest_framework\views.py", line 480, in dispatch
    response = handler(request, *args, **kwargs)
  File "D:\资料\GitHub\TourCommentApiPro\TourCommentApi\TourCommentApi\Views\SpotNumComparedView.py", line 73, in post
    return get_spot_num_compard(request);
  File "D:\资料\GitHub\TourCommentApiPro\TourCommentApi\TourCommentApi\Views\SpotNumComparedView.py", line 19, in get_spot_num_compard
    search_keys.append('千岛湖');
AttributeError: 'str' object has no attribute 'append'
[2018-10-15 14:25:41,454] [ERROR] "POST /api/spotnumcompared HTTP/1.1" 500 17308
[2018-10-15 14:26:15,742] [ERROR] Internal Server Error: /api/spotnumcompared
Traceback (most recent call last):
  File "E:\Anaconda\envs\en1\lib\site-packages\django\core\handlers\exception.py", line 35, in inner
    response = get_response(request)
  File "E:\Anaconda\envs\en1\lib\site-packages\django\core\handlers\base.py", line 128, in _get_response
    response = self.process_exception_by_middleware(e, request)
  File "E:\Anaconda\envs\en1\lib\site-packages\django\core\handlers\base.py", line 126, in _get_response
    response = wrapped_callback(request, *callback_args, **callback_kwargs)
  File "E:\Anaconda\envs\en1\lib\site-packages\django\views\decorators\csrf.py", line 54, in wrapped_view
    return view_func(*args, **kwargs)
  File "E:\Anaconda\envs\en1\lib\site-packages\django\views\generic\base.py", line 69, in view
    return self.dispatch(request, *args, **kwargs)
  File "E:\Anaconda\envs\en1\lib\site-packages\rest_framework\views.py", line 483, in dispatch
    response = self.handle_exception(exc)
  File "E:\Anaconda\envs\en1\lib\site-packages\rest_framework\views.py", line 443, in handle_exception
    self.raise_uncaught_exception(exc)
  File "E:\Anaconda\envs\en1\lib\site-packages\rest_framework\views.py", line 480, in dispatch
    response = handler(request, *args, **kwargs)
  File "D:\资料\GitHub\TourCommentApiPro\TourCommentApi\TourCommentApi\Views\SpotNumComparedView.py", line 73, in post
    return get_spot_num_compard(request);
  File "D:\资料\GitHub\TourCommentApiPro\TourCommentApi\TourCommentApi\Views\SpotNumComparedView.py", line 12, in get_spot_num_compard
    search_keys = list(request.POST['regions']);
UnboundLocalError: local variable 'list' referenced before assignment
[2018-10-15 14:26:16,258] [ERROR] "POST /api/spotnumcompared HTTP/1.1" 500 17351
[2018-10-15 14:31:24,998] [ERROR] Internal Server Error: /api/spotnumcompared
Traceback (most recent call last):
  File "E:\Anaconda\envs\en1\lib\site-packages\django\core\handlers\exception.py", line 35, in inner
    response = get_response(request)
  File "E:\Anaconda\envs\en1\lib\site-packages\django\core\handlers\base.py", line 128, in _get_response
    response = self.process_exception_by_middleware(e, request)
  File "E:\Anaconda\envs\en1\lib\site-packages\django\core\handlers\base.py", line 126, in _get_response
    response = wrapped_callback(request, *callback_args, **callback_kwargs)
  File "E:\Anaconda\envs\en1\lib\site-packages\django\views\decorators\csrf.py", line 54, in wrapped_view
    return view_func(*args, **kwargs)
  File "E:\Anaconda\envs\en1\lib\site-packages\django\views\generic\base.py", line 69, in view
    return self.dispatch(request, *args, **kwargs)
  File "E:\Anaconda\envs\en1\lib\site-packages\rest_framework\views.py", line 483, in dispatch
    response = self.handle_exception(exc)
  File "E:\Anaconda\envs\en1\lib\site-packages\rest_framework\views.py", line 443, in handle_exception
    self.raise_uncaught_exception(exc)
  File "E:\Anaconda\envs\en1\lib\site-packages\rest_framework\views.py", line 480, in dispatch
    response = handler(request, *args, **kwargs)
  File "D:\资料\GitHub\TourCommentApiPro\TourCommentApi\TourCommentApi\Views\SpotNumComparedView.py", line 73, in post
    return get_spot_num_compard(request);
  File "D:\资料\GitHub\TourCommentApiPro\TourCommentApi\TourCommentApi\Views\SpotNumComparedView.py", line 15, in get_spot_num_compard
    websites = eval((request.POST.getlist('websites'))[0]);
  File "<string>", line 1
    ['携程'']
          ^
SyntaxError: EOL while scanning string literal
[2018-10-15 14:31:25,451] [ERROR] "POST /api/spotnumcompared HTTP/1.1" 500 17349
[2018-10-15 14:31:43,377] [INFO] "POST /api/spotnumcompared HTTP/1.1" 200 196
[2018-10-15 14:33:52,400] [ERROR] Internal Server Error: /api/spotnumcompared
Traceback (most recent call last):
  File "E:\Anaconda\envs\en1\lib\site-packages\django\core\handlers\exception.py", line 35, in inner
    response = get_response(request)
  File "E:\Anaconda\envs\en1\lib\site-packages\django\core\handlers\base.py", line 128, in _get_response
    response = self.process_exception_by_middleware(e, request)
  File "E:\Anaconda\envs\en1\lib\site-packages\django\core\handlers\base.py", line 126, in _get_response
    response = wrapped_callback(request, *callback_args, **callback_kwargs)
  File "E:\Anaconda\envs\en1\lib\site-packages\django\views\decorators\csrf.py", line 54, in wrapped_view
    return view_func(*args, **kwargs)
  File "E:\Anaconda\envs\en1\lib\site-packages\django\views\generic\base.py", line 69, in view
    return self.dispatch(request, *args, **kwargs)
  File "E:\Anaconda\envs\en1\lib\site-packages\rest_framework\views.py", line 483, in dispatch
    response = self.handle_exception(exc)
  File "E:\Anaconda\envs\en1\lib\site-packages\rest_framework\views.py", line 443, in handle_exception
    self.raise_uncaught_exception(exc)
  File "E:\Anaconda\envs\en1\lib\site-packages\rest_framework\views.py", line 480, in dispatch
    response = handler(request, *args, **kwargs)
  File "D:\资料\GitHub\TourCommentApiPro\TourCommentApi\TourCommentApi\Views\SpotNumComparedView.py", line 73, in post
    return get_spot_num_compard(request);
  File "D:\资料\GitHub\TourCommentApiPro\TourCommentApi\TourCommentApi\Views\SpotNumComparedView.py", line 15, in get_spot_num_compard
    websites = eval((request.POST.getlist('websites'))[0]);
  File "<string>", line 1
    ['携程','去哪儿','大众点评'']
                       ^
SyntaxError: EOL while scanning string literal
[2018-10-15 14:33:52,684] [ERROR] "POST /api/spotnumcompared HTTP/1.1" 500 17385
[2018-10-15 14:34:19,093] [INFO] "POST /api/spotnumcompared HTTP/1.1" 200 615
[2018-10-15 14:36:04,035] [INFO] "POST /api/spotnumcompared HTTP/1.1" 200 1515
[2018-10-15 14:40:13,898] [INFO] "POST /api/spotnumcompared HTTP/1.1" 200 1997
[2018-10-15 14:43:30,487] [INFO] "POST /api/spotnumcompared HTTP/1.1" 200 1997
[2018-10-15 15:34:37,103] [ERROR] Internal Server Error: /api/spotnumcompared
Traceback (most recent call last):
  File "E:\Anaconda\envs\en1\lib\site-packages\django\core\handlers\exception.py", line 35, in inner
    response = get_response(request)
  File "E:\Anaconda\envs\en1\lib\site-packages\django\core\handlers\base.py", line 128, in _get_response
    response = self.process_exception_by_middleware(e, request)
  File "E:\Anaconda\envs\en1\lib\site-packages\django\core\handlers\base.py", line 126, in _get_response
    response = wrapped_callback(request, *callback_args, **callback_kwargs)
  File "E:\Anaconda\envs\en1\lib\site-packages\django\views\decorators\csrf.py", line 54, in wrapped_view
    return view_func(*args, **kwargs)
  File "E:\Anaconda\envs\en1\lib\site-packages\django\views\generic\base.py", line 69, in view
    return self.dispatch(request, *args, **kwargs)
  File "E:\Anaconda\envs\en1\lib\site-packages\rest_framework\views.py", line 483, in dispatch
    response = self.handle_exception(exc)
  File "E:\Anaconda\envs\en1\lib\site-packages\rest_framework\views.py", line 443, in handle_exception
    self.raise_uncaught_exception(exc)
  File "E:\Anaconda\envs\en1\lib\site-packages\rest_framework\views.py", line 480, in dispatch
    response = handler(request, *args, **kwargs)
  File "D:\资料\GitHub\TourCommentApiPro\TourCommentApi\TourCommentApi\Views\SpotNumComparedView.py", line 71, in post
    return get_spot_num_compard(request);
  File "D:\资料\GitHub\TourCommentApiPro\TourCommentApi\TourCommentApi\Views\SpotNumComparedView.py", line 37, in get_spot_num_compard
    comments = comment.objects(data_website=website, data_region__contains=region, comment_month=time);
  File "E:\Anaconda\envs\en1\lib\site-packages\mongoengine\queryset\manager.py", line 37, in __get__
    queryset = queryset_class(owner, owner._get_collection())
  File "E:\Anaconda\envs\en1\lib\site-packages\mongoengine\document.py", line 190, in _get_collection
    db = cls._get_db()
  File "E:\Anaconda\envs\en1\lib\site-packages\mongoengine\document.py", line 179, in _get_db
    return get_db(cls._meta.get('db_alias', DEFAULT_CONNECTION_NAME))
  File "E:\Anaconda\envs\en1\lib\site-packages\mongoengine\connection.py", line 236, in get_db
    db.authenticate(conn_settings['username'], conn_settings['password'], **auth_kwargs)
  File "E:\Anaconda\envs\en1\lib\site-packages\pymongo\database.py", line 1048, in authenticate
    connect=True)
  File "E:\Anaconda\envs\en1\lib\site-packages\pymongo\mongo_client.py", line 500, in _cache_credentials
    writable_preferred_server_selector)
  File "E:\Anaconda\envs\en1\lib\site-packages\pymongo\topology.py", line 214, in select_server
    address))
  File "E:\Anaconda\envs\en1\lib\site-packages\pymongo\topology.py", line 189, in select_servers
    self._error_message(selector))
pymongo.errors.ServerSelectionTimeoutError: 120.55.59.187:28117: [WinError 10065] 套接字操作尝试一个无法连接的主机。
[2018-10-15 15:34:37,694] [ERROR] "POST /api/spotnumcompared HTTP/1.1" 500 18772
[2018-10-15 15:56:45,533] [ERROR] Internal Server Error: /api/spotnumcompared
Traceback (most recent call last):
  File "E:\Anaconda\envs\en1\lib\site-packages\django\core\handlers\exception.py", line 35, in inner
    response = get_response(request)
  File "E:\Anaconda\envs\en1\lib\site-packages\django\core\handlers\base.py", line 128, in _get_response
    response = self.process_exception_by_middleware(e, request)
  File "E:\Anaconda\envs\en1\lib\site-packages\django\core\handlers\base.py", line 126, in _get_response
    response = wrapped_callback(request, *callback_args, **callback_kwargs)
  File "E:\Anaconda\envs\en1\lib\site-packages\django\views\decorators\csrf.py", line 54, in wrapped_view
    return view_func(*args, **kwargs)
  File "E:\Anaconda\envs\en1\lib\site-packages\django\views\generic\base.py", line 69, in view
    return self.dispatch(request, *args, **kwargs)
  File "E:\Anaconda\envs\en1\lib\site-packages\rest_framework\views.py", line 483, in dispatch
    response = self.handle_exception(exc)
  File "E:\Anaconda\envs\en1\lib\site-packages\rest_framework\views.py", line 443, in handle_exception
    self.raise_uncaught_exception(exc)
  File "E:\Anaconda\envs\en1\lib\site-packages\rest_framework\views.py", line 480, in dispatch
    response = handler(request, *args, **kwargs)
  File "D:\资料\GitHub\TourCommentApiPro\TourCommentApi\TourCommentApi\Views\SpotNumComparedView.py", line 72, in post
    return get_spot_num_compard(request);
  File "D:\资料\GitHub\TourCommentApiPro\TourCommentApi\TourCommentApi\Views\SpotNumComparedView.py", line 38, in get_spot_num_compard
    rcomments = comments.objects(data_website=website, data_region__contains=region, comment_month=time);
AttributeError: 'function' object has no attribute 'objects'
[2018-10-15 15:56:53,392] [ERROR] "POST /api/spotnumcompared HTTP/1.1" 500 17448
[2018-10-15 15:57:20,348] [ERROR] Internal Server Error: /api/spotnumcompared
Traceback (most recent call last):
  File "E:\Anaconda\envs\en1\lib\site-packages\django\core\handlers\exception.py", line 35, in inner
    response = get_response(request)
  File "E:\Anaconda\envs\en1\lib\site-packages\django\core\handlers\base.py", line 128, in _get_response
    response = self.process_exception_by_middleware(e, request)
  File "E:\Anaconda\envs\en1\lib\site-packages\django\core\handlers\base.py", line 126, in _get_response
    response = wrapped_callback(request, *callback_args, **callback_kwargs)
  File "E:\Anaconda\envs\en1\lib\site-packages\django\views\decorators\csrf.py", line 54, in wrapped_view
    return view_func(*args, **kwargs)
  File "E:\Anaconda\envs\en1\lib\site-packages\django\views\generic\base.py", line 69, in view
    return self.dispatch(request, *args, **kwargs)
  File "E:\Anaconda\envs\en1\lib\site-packages\rest_framework\views.py", line 483, in dispatch
    response = self.handle_exception(exc)
  File "E:\Anaconda\envs\en1\lib\site-packages\rest_framework\views.py", line 443, in handle_exception
    self.raise_uncaught_exception(exc)
  File "E:\Anaconda\envs\en1\lib\site-packages\rest_framework\views.py", line 480, in dispatch
    response = handler(request, *args, **kwargs)
  File "D:\资料\GitHub\TourCommentApiPro\TourCommentApi\TourCommentApi\Views\SpotNumComparedView.py", line 72, in post
    return get_spot_num_compard(request);
  File "D:\资料\GitHub\TourCommentApiPro\TourCommentApi\TourCommentApi\Views\SpotNumComparedView.py", line 38, in get_spot_num_compard
    rcomments = comments.objects(data_website=website, data_region__contains=region, comment_month=time);
AttributeError: 'QuerySet' object has no attribute 'objects'
[2018-10-15 15:57:28,241] [ERROR] "POST /api/spotnumcompared HTTP/1.1" 500 17447
[2018-10-15 16:00:28,158] [ERROR] Internal Server Error: /api/spotnumcompared
Traceback (most recent call last):
  File "E:\Anaconda\envs\en1\lib\site-packages\django\core\handlers\exception.py", line 35, in inner
    response = get_response(request)
  File "E:\Anaconda\envs\en1\lib\site-packages\django\core\handlers\base.py", line 128, in _get_response
    response = self.process_exception_by_middleware(e, request)
  File "E:\Anaconda\envs\en1\lib\site-packages\django\core\handlers\base.py", line 126, in _get_response
    response = wrapped_callback(request, *callback_args, **callback_kwargs)
  File "E:\Anaconda\envs\en1\lib\site-packages\django\views\decorators\csrf.py", line 54, in wrapped_view
    return view_func(*args, **kwargs)
  File "E:\Anaconda\envs\en1\lib\site-packages\django\views\generic\base.py", line 69, in view
    return self.dispatch(request, *args, **kwargs)
  File "E:\Anaconda\envs\en1\lib\site-packages\rest_framework\views.py", line 483, in dispatch
    response = self.handle_exception(exc)
  File "E:\Anaconda\envs\en1\lib\site-packages\rest_framework\views.py", line 443, in handle_exception
    self.raise_uncaught_exception(exc)
  File "E:\Anaconda\envs\en1\lib\site-packages\rest_framework\views.py", line 480, in dispatch
    response = handler(request, *args, **kwargs)
  File "D:\资料\GitHub\TourCommentApiPro\TourCommentApi\TourCommentApi\Views\SpotNumComparedView.py", line 72, in post
    return get_spot_num_compard(request);
  File "D:\资料\GitHub\TourCommentApiPro\TourCommentApi\TourCommentApi\Views\SpotNumComparedView.py", line 12, in get_spot_num_compard
    search_keys = eval((request.POST.getlist('spots'))[0]);
  File "<string>", line 1
    ['西湖‘]
         ^
SyntaxError: EOL while scanning string literal
[2018-10-15 16:00:28,451] [ERROR] "POST /api/spotnumcompared HTTP/1.1" 500 17392
[2018-10-15 16:00:46,820] [ERROR] Internal Server Error: /api/spotnumcompared
Traceback (most recent call last):
  File "E:\Anaconda\envs\en1\lib\site-packages\django\core\handlers\exception.py", line 35, in inner
    response = get_response(request)
  File "E:\Anaconda\envs\en1\lib\site-packages\django\core\handlers\base.py", line 128, in _get_response
    response = self.process_exception_by_middleware(e, request)
  File "E:\Anaconda\envs\en1\lib\site-packages\django\core\handlers\base.py", line 126, in _get_response
    response = wrapped_callback(request, *callback_args, **callback_kwargs)
  File "E:\Anaconda\envs\en1\lib\site-packages\django\views\decorators\csrf.py", line 54, in wrapped_view
    return view_func(*args, **kwargs)
  File "E:\Anaconda\envs\en1\lib\site-packages\django\views\generic\base.py", line 69, in view
    return self.dispatch(request, *args, **kwargs)
  File "E:\Anaconda\envs\en1\lib\site-packages\rest_framework\views.py", line 483, in dispatch
    response = self.handle_exception(exc)
  File "E:\Anaconda\envs\en1\lib\site-packages\rest_framework\views.py", line 443, in handle_exception
    self.raise_uncaught_exception(exc)
  File "E:\Anaconda\envs\en1\lib\site-packages\rest_framework\views.py", line 480, in dispatch
    response = handler(request, *args, **kwargs)
  File "D:\资料\GitHub\TourCommentApiPro\TourCommentApi\TourCommentApi\Views\SpotNumComparedView.py", line 72, in post
    return get_spot_num_compard(request);
  File "D:\资料\GitHub\TourCommentApiPro\TourCommentApi\TourCommentApi\Views\SpotNumComparedView.py", line 38, in get_spot_num_compard
    rcomments = comments.objects( data_region__contains=region, comment_month=time);
AttributeError: 'QuerySet' object has no attribute 'objects'
[2018-10-15 16:00:54,644] [ERROR] "POST /api/spotnumcompared HTTP/1.1" 500 17418
[2018-10-15 16:02:06,097] [ERROR] Internal Server Error: /api/spotnumcompared
Traceback (most recent call last):
  File "E:\Anaconda\envs\en1\lib\site-packages\django\core\handlers\exception.py", line 35, in inner
    response = get_response(request)
  File "E:\Anaconda\envs\en1\lib\site-packages\django\core\handlers\base.py", line 128, in _get_response
    response = self.process_exception_by_middleware(e, request)
  File "E:\Anaconda\envs\en1\lib\site-packages\django\core\handlers\base.py", line 126, in _get_response
    response = wrapped_callback(request, *callback_args, **callback_kwargs)
  File "E:\Anaconda\envs\en1\lib\site-packages\django\views\decorators\csrf.py", line 54, in wrapped_view
    return view_func(*args, **kwargs)
  File "E:\Anaconda\envs\en1\lib\site-packages\django\views\generic\base.py", line 69, in view
    return self.dispatch(request, *args, **kwargs)
  File "E:\Anaconda\envs\en1\lib\site-packages\rest_framework\views.py", line 483, in dispatch
    response = self.handle_exception(exc)
  File "E:\Anaconda\envs\en1\lib\site-packages\rest_framework\views.py", line 443, in handle_exception
    self.raise_uncaught_exception(exc)
  File "E:\Anaconda\envs\en1\lib\site-packages\rest_framework\views.py", line 480, in dispatch
    response = handler(request, *args, **kwargs)
  File "D:\资料\GitHub\TourCommentApiPro\TourCommentApi\TourCommentApi\Views\SpotNumComparedView.py", line 73, in post
    return get_spot_num_compard(request);
  File "D:\资料\GitHub\TourCommentApiPro\TourCommentApi\TourCommentApi\Views\SpotNumComparedView.py", line 39, in get_spot_num_compard
    rcomments = comments.objects( data_region__contains=region, comment_month=time);
AttributeError: 'QuerySet' object has no attribute 'objects'
[2018-10-15 16:02:14,195] [ERROR] "POST /api/spotnumcompared HTTP/1.1" 500 17418
[2018-10-15 16:02:58,607] [ERROR] Internal Server Error: /api/spotnumcompared
Traceback (most recent call last):
  File "E:\Anaconda\envs\en1\lib\site-packages\django\core\handlers\exception.py", line 35, in inner
    response = get_response(request)
  File "E:\Anaconda\envs\en1\lib\site-packages\django\core\handlers\base.py", line 128, in _get_response
    response = self.process_exception_by_middleware(e, request)
  File "E:\Anaconda\envs\en1\lib\site-packages\django\core\handlers\base.py", line 126, in _get_response
    response = wrapped_callback(request, *callback_args, **callback_kwargs)
  File "E:\Anaconda\envs\en1\lib\site-packages\django\views\decorators\csrf.py", line 54, in wrapped_view
    return view_func(*args, **kwargs)
  File "E:\Anaconda\envs\en1\lib\site-packages\django\views\generic\base.py", line 69, in view
    return self.dispatch(request, *args, **kwargs)
  File "E:\Anaconda\envs\en1\lib\site-packages\rest_framework\views.py", line 483, in dispatch
    response = self.handle_exception(exc)
  File "E:\Anaconda\envs\en1\lib\site-packages\rest_framework\views.py", line 443, in handle_exception
    self.raise_uncaught_exception(exc)
  File "E:\Anaconda\envs\en1\lib\site-packages\rest_framework\views.py", line 480, in dispatch
    response = handler(request, *args, **kwargs)
  File "D:\资料\GitHub\TourCommentApiPro\TourCommentApi\TourCommentApi\Views\SpotNumComparedView.py", line 73, in post
    return get_spot_num_compard(request);
  File "D:\资料\GitHub\TourCommentApiPro\TourCommentApi\TourCommentApi\Views\SpotNumComparedView.py", line 39, in get_spot_num_compard
    rcomments = rrcomments.objects(data_region__contains=region, comment_month=time);
AttributeError: 'QuerySet' object has no attribute 'objects'
[2018-10-15 16:03:06,618] [ERROR] "POST /api/spotnumcompared HTTP/1.1" 500 17419
[2018-10-15 16:03:55,722] [INFO] "POST /api/spotnumcompared HTTP/1.1" 200 686
[2018-10-15 16:07:37,000] [INFO] "POST /api/spotnumcompared HTTP/1.1" 200 1676
[2018-10-15 18:00:30,508] [INFO] "GET /api/jingqulist HTTP/1.1" 200 3324
[2018-10-15 18:00:31,625] [WARNING] Not Found: /favicon.ico
[2018-10-15 18:00:31,630] [WARNING] "GET /favicon.ico HTTP/1.1" 404 2867
[2018-10-15 18:01:00,580] [INFO] "GET /api/jingqulist HTTP/1.1" 200 3324
[2018-10-15 18:01:44,793] [INFO] "GET /api/jingqulist HTTP/1.1" 200 3324
[2018-10-15 18:03:48,750] [INFO] "GET /api/jingqulist HTTP/1.1" 200 3324
[2018-10-15 18:06:26,226] [INFO] "GET /api/jingqulist HTTP/1.1" 200 3324
[2018-10-15 18:11:40,829] [INFO] "GET /api/jingqulist HTTP/1.1" 200 3324
[2018-10-15 18:15:53,747] [INFO] "GET /api/jingqulist HTTP/1.1" 200 3324
[2018-10-15 18:17:38,423] [INFO] "GET /api/jingqulist HTTP/1.1" 200 3324
[2018-10-15 18:23:46,598] [INFO] "GET /api/jingqulist HTTP/1.1" 200 3324
[2018-10-15 18:28:13,627] [INFO] "GET /api/jingqulist HTTP/1.1" 200 3324
[2018-10-15 18:28:37,393] [INFO] "GET /api/jingqulist HTTP/1.1" 200 3324
[2018-10-15 18:32:12,294] [INFO] "GET /api/jingqulist HTTP/1.1" 200 3324
[2018-10-15 18:32:35,255] [INFO] "GET /api/jingqulist HTTP/1.1" 200 3324
[2018-10-15 18:45:56,703] [INFO] "GET /api/jingqulist HTTP/1.1" 200 3324
[2018-10-15 18:46:19,883] [INFO] "GET /api/jingqulist HTTP/1.1" 200 3324
[2018-10-15 18:47:20,267] [INFO] "GET /api/jingqulist HTTP/1.1" 200 3324
[2018-10-15 18:48:11,459] [INFO] "GET /api/jingqulist HTTP/1.1" 200 3324
[2018-10-15 19:01:41,412] [INFO] "GET /api/jingqulist HTTP/1.1" 200 48
[2018-10-15 19:01:51,461] [INFO] "GET /api/jingqulist HTTP/1.1" 200 48
[2018-10-15 19:01:53,189] [INFO] "GET /api/jingqulist HTTP/1.1" 200 48
[2018-10-15 19:02:19,624] [INFO] "GET /api/jingqulist HTTP/1.1" 200 48
[2018-10-15 19:02:30,699] [INFO] "GET /api/jingqulist HTTP/1.1" 200 48
[2018-10-15 19:04:12,967] [INFO] This is an errormsg
[2018-10-15 19:04:12,972] [INFO] "GET /api/jingqulist HTTP/1.1" 200 57
[2018-10-15 19:16:46,555] [INFO] "GET /api/jingqulist HTTP/1.1" 200 59086
[2018-10-15 19:17:45,017] [INFO] "GET /api/jingqulist HTTP/1.1" 200 3324
[2018-10-15 19:19:34,213] [INFO] "GET /api/jingqulist HTTP/1.1" 200 2644
[2018-10-15 19:27:18,648] [INFO] "GET /api/jingqulist HTTP/1.1" 200 3220
[2018-10-15 19:33:02,725] [INFO] This is an errormsg
[2018-10-15 19:33:02,728] [INFO] "GET /api/jingqulist HTTP/1.1" 200 57
[2018-10-15 19:34:35,422] [INFO] This is an errormsg
[2018-10-15 19:34:35,428] [INFO] "GET /api/jingqulist HTTP/1.1" 200 57
[2018-10-15 19:36:06,860] [INFO] "GET /api/jingqulist HTTP/1.1" 200 3094
[2018-10-15 19:36:39,435] [INFO] "GET /api/jingqulist HTTP/1.1" 200 3094
[2018-10-15 19:36:41,572] [INFO] "GET /api/jingqulist HTTP/1.1" 200 3094
[2018-10-15 19:36:53,784] [INFO] "GET /api/jingqulist HTTP/1.1" 200 3094
[2018-10-15 19:36:54,890] [INFO] "GET /api/jingqulist HTTP/1.1" 200 3094
[2018-10-15 19:36:55,720] [INFO] "GET /api/jingqulist HTTP/1.1" 200 3094
[2018-10-15 19:36:56,490] [INFO] "GET /api/jingqulist HTTP/1.1" 200 3094
[2018-10-15 19:50:15,882] [INFO] This is an errormsg
[2018-10-15 19:50:15,884] [INFO] "GET /api/jingqulist HTTP/1.1" 200 57
[2018-10-15 19:58:30,914] [INFO] This is an errormsg
[2018-10-15 19:58:30,917] [INFO] "GET /api/jingqulist HTTP/1.1" 200 57
[2018-10-15 20:00:38,177] [INFO] This is an errormsg
[2018-10-15 20:00:38,179] [INFO] "GET /api/jingqulist HTTP/1.1" 200 57
[2018-10-15 20:03:33,637] [INFO] This is an errormsg
[2018-10-15 20:03:33,641] [INFO] "GET /api/jingqulist HTTP/1.1" 200 57
[2018-10-15 20:04:35,355] [INFO] This is an errormsg
[2018-10-15 20:04:35,360] [INFO] "GET /api/jingqulist HTTP/1.1" 200 57
[2018-10-15 20:06:15,952] [INFO] "GET /api/jingqulist HTTP/1.1" 200 2644
[2018-10-15 20:11:32,361] [INFO] This is an errormsg
[2018-10-15 20:11:32,364] [INFO] "GET /api/jingqulist HTTP/1.1" 200 57
[2018-10-15 20:14:55,790] [INFO] "GET /api/jingqulist HTTP/1.1" 200 3094
[2018-10-15 20:19:00,455] [INFO] "GET /api/jingqulist HTTP/1.1" 200 3076
[2018-10-15 20:21:40,770] [INFO] This is an errormsg
[2018-10-15 20:21:40,795] [INFO] "GET /api/jingqulist HTTP/1.1" 200 57
[2018-10-15 20:22:55,563] [INFO] "GET /api/jingqulist HTTP/1.1" 200 3076
[2018-10-15 20:23:15,109] [INFO] "GET /api/jingqulist HTTP/1.1" 200 3076
[2018-10-15 20:23:31,065] [INFO] "GET /api/jingqulist HTTP/1.1" 200 3076
[2018-10-15 12:39:42,064] [INFO] "GET /api/jingqulist HTTP/1.1" 200 3076
[2018-10-15 12:39:42,197] [WARNING] Not Found: /favicon.ico
[2018-10-15 12:39:42,197] [WARNING] "GET /favicon.ico HTTP/1.1" 404 2867
[2018-10-15 13:04:44,653] [INFO] "GET /api/jingqulist HTTP/1.1" 200 3076
[2018-10-15 13:18:41,721] [INFO] "GET /api/jingqulist HTTP/1.1" 200 3076
[2018-10-15 13:24:48,629] [INFO] "GET /api/jingqulist HTTP/1.1" 200 3076
[2018-10-15 14:58:01,271] [INFO] This is an errormsg
[2018-10-15 14:58:01,289] [INFO] "GET /api/jingqulist HTTP/1.1" 200 57
[2018-10-15 14:58:01,367] [WARNING] Not Found: /favicon.ico
[2018-10-15 14:58:01,368] [WARNING] "GET /favicon.ico HTTP/1.1" 404 2867
[2018-10-15 14:59:50,915] [INFO] This is an errormsg
[2018-10-15 14:59:50,916] [INFO] "GET /api/jingqulist HTTP/1.1" 200 57
[2018-10-16 02:06:32,980] [INFO] This is an errormsg
[2018-10-16 02:06:32,995] [INFO] "GET /api/jingqulist HTTP/1.1" 200 57
[2018-10-16 02:06:33,072] [WARNING] Not Found: /favicon.ico
[2018-10-16 02:06:33,073] [WARNING] "GET /favicon.ico HTTP/1.1" 404 2867
[2018-10-16 02:09:04,178] [INFO] This is an errormsg
[2018-10-16 02:09:04,178] [INFO] "GET /api/jingqulist HTTP/1.1" 200 57
[2018-10-16 02:09:06,463] [INFO] This is an errormsg
[2018-10-16 02:09:06,464] [INFO] "GET /api/jingqulist HTTP/1.1" 200 57
[2018-10-16 02:10:39,507] [INFO] This is an errormsg
[2018-10-16 02:10:39,507] [INFO] "GET /api/jingqulist HTTP/1.1" 200 57
[2018-10-16 02:12:30,092] [INFO] This is an errormsg
[2018-10-16 02:12:30,093] [INFO] "GET /api/jingqulist HTTP/1.1" 200 57
[2018-10-16 02:12:34,287] [INFO] This is an errormsg
[2018-10-16 02:12:34,287] [INFO] "GET /api/jingqulist HTTP/1.1" 200 57
[2018-10-16 02:14:33,341] [INFO] "GET /api/jingqulist HTTP/1.1" 200 3450
[2018-10-16 02:22:21,120] [WARNING] Not Found: /api/qdhspotlist
[2018-10-16 02:22:21,121] [WARNING] "GET /api/qdhspotlist HTTP/1.1" 404 2728
[2018-10-16 02:22:25,279] [ERROR] Internal Server Error: /api/qdhspotlist/1
Traceback (most recent call last):
  File "/home/ckq/anaconda3/envs/en1/lib/python3.6/site-packages/django/core/handlers/exception.py", line 35, in inner
    response = get_response(request)
  File "/home/ckq/anaconda3/envs/en1/lib/python3.6/site-packages/django/core/handlers/base.py", line 128, in _get_response
    response = self.process_exception_by_middleware(e, request)
  File "/home/ckq/anaconda3/envs/en1/lib/python3.6/site-packages/django/core/handlers/base.py", line 126, in _get_response
    response = wrapped_callback(request, *callback_args, **callback_kwargs)
  File "/home/ckq/anaconda3/envs/en1/lib/python3.6/site-packages/django/views/decorators/csrf.py", line 54, in wrapped_view
    return view_func(*args, **kwargs)
  File "/home/ckq/anaconda3/envs/en1/lib/python3.6/site-packages/django/views/generic/base.py", line 69, in view
    return self.dispatch(request, *args, **kwargs)
  File "/home/ckq/anaconda3/envs/en1/lib/python3.6/site-packages/rest_framework/views.py", line 483, in dispatch
    response = self.handle_exception(exc)
  File "/home/ckq/anaconda3/envs/en1/lib/python3.6/site-packages/rest_framework/views.py", line 443, in handle_exception
    self.raise_uncaught_exception(exc)
  File "/home/ckq/anaconda3/envs/en1/lib/python3.6/site-packages/rest_framework/views.py", line 480, in dispatch
    response = handler(request, *args, **kwargs)
  File "/home/ckq/妗/TourCommentApiPro (澶浠)/TourCommentApi/TourCommentApi/Views/QdhSpotListView.py", line 40, in get
    return get_qdh_spot_list(request,id);
  File "/home/ckq/妗/TourCommentApiPro (澶浠)/TourCommentApi/TourCommentApi/Views/QdhSpotListView.py", line 15, in get_qdh_spot_list
    allComments = comment.object();
AttributeError: type object 'comment' has no attribute 'object'
[2018-10-16 02:22:25,644] [ERROR] "GET /api/qdhspotlist/1 HTTP/1.1" 500 99993
[2018-10-16 02:22:33,202] [INFO] "GET /api/spotlist HTTP/1.1" 200 3450
[2018-10-16 02:23:37,029] [ERROR] Internal Server Error: /api/qdhspotlist/1
Traceback (most recent call last):
  File "/home/ckq/anaconda3/envs/en1/lib/python3.6/site-packages/django/core/handlers/exception.py", line 35, in inner
    response = get_response(request)
  File "/home/ckq/anaconda3/envs/en1/lib/python3.6/site-packages/django/core/handlers/base.py", line 128, in _get_response
    response = self.process_exception_by_middleware(e, request)
  File "/home/ckq/anaconda3/envs/en1/lib/python3.6/site-packages/django/core/handlers/base.py", line 126, in _get_response
    response = wrapped_callback(request, *callback_args, **callback_kwargs)
  File "/home/ckq/anaconda3/envs/en1/lib/python3.6/site-packages/django/views/decorators/csrf.py", line 54, in wrapped_view
    return view_func(*args, **kwargs)
  File "/home/ckq/anaconda3/envs/en1/lib/python3.6/site-packages/django/views/generic/base.py", line 69, in view
    return self.dispatch(request, *args, **kwargs)
  File "/home/ckq/anaconda3/envs/en1/lib/python3.6/site-packages/rest_framework/views.py", line 483, in dispatch
    response = self.handle_exception(exc)
  File "/home/ckq/anaconda3/envs/en1/lib/python3.6/site-packages/rest_framework/views.py", line 443, in handle_exception
    self.raise_uncaught_exception(exc)
  File "/home/ckq/anaconda3/envs/en1/lib/python3.6/site-packages/rest_framework/views.py", line 480, in dispatch
    response = handler(request, *args, **kwargs)
  File "/home/ckq/妗/TourCommentApiPro (澶浠)/TourCommentApi/TourCommentApi/Views/QdhSpotListView.py", line 40, in get
    return get_qdh_spot_list(request,id);
  File "/home/ckq/妗/TourCommentApiPro (澶浠)/TourCommentApi/TourCommentApi/Views/QdhSpotListView.py", line 15, in get_qdh_spot_list
    allComments = comment.object();
AttributeError: type object 'comment' has no attribute 'object'
[2018-10-16 02:23:37,127] [ERROR] "GET /api/qdhspotlist/1 HTTP/1.1" 500 99878
[2018-10-16 02:26:12,855] [ERROR] Internal Server Error: /api/qdhspotlist/1
Traceback (most recent call last):
  File "/home/ckq/anaconda3/envs/en1/lib/python3.6/site-packages/django/core/handlers/exception.py", line 35, in inner
    response = get_response(request)
  File "/home/ckq/anaconda3/envs/en1/lib/python3.6/site-packages/django/core/handlers/base.py", line 128, in _get_response
    response = self.process_exception_by_middleware(e, request)
  File "/home/ckq/anaconda3/envs/en1/lib/python3.6/site-packages/django/core/handlers/base.py", line 126, in _get_response
    response = wrapped_callback(request, *callback_args, **callback_kwargs)
  File "/home/ckq/anaconda3/envs/en1/lib/python3.6/site-packages/django/views/decorators/csrf.py", line 54, in wrapped_view
    return view_func(*args, **kwargs)
  File "/home/ckq/anaconda3/envs/en1/lib/python3.6/site-packages/django/views/generic/base.py", line 69, in view
    return self.dispatch(request, *args, **kwargs)
  File "/home/ckq/anaconda3/envs/en1/lib/python3.6/site-packages/rest_framework/views.py", line 483, in dispatch
    response = self.handle_exception(exc)
  File "/home/ckq/anaconda3/envs/en1/lib/python3.6/site-packages/rest_framework/views.py", line 443, in handle_exception
    self.raise_uncaught_exception(exc)
  File "/home/ckq/anaconda3/envs/en1/lib/python3.6/site-packages/rest_framework/views.py", line 480, in dispatch
    response = handler(request, *args, **kwargs)
  File "/home/ckq/妗/TourCommentApiPro (澶浠)/TourCommentApi/TourCommentApi/Views/QdhSpotListView.py", line 40, in get
    return get_qdh_spot_list(request,id);
TypeError: get_qdh_spot_list() takes 1 positional argument but 2 were given
[2018-10-16 02:26:12,967] [ERROR] "GET /api/qdhspotlist/1 HTTP/1.1" 500 95692
[2018-10-16 02:26:19,351] [ERROR] Internal Server Error: /api/qdhspotlist
Traceback (most recent call last):
  File "/home/ckq/anaconda3/envs/en1/lib/python3.6/site-packages/django/core/handlers/exception.py", line 35, in inner
    response = get_response(request)
  File "/home/ckq/anaconda3/envs/en1/lib/python3.6/site-packages/django/core/handlers/base.py", line 128, in _get_response
    response = self.process_exception_by_middleware(e, request)
  File "/home/ckq/anaconda3/envs/en1/lib/python3.6/site-packages/django/core/handlers/base.py", line 126, in _get_response
    response = wrapped_callback(request, *callback_args, **callback_kwargs)
  File "/home/ckq/anaconda3/envs/en1/lib/python3.6/site-packages/django/views/decorators/csrf.py", line 54, in wrapped_view
    return view_func(*args, **kwargs)
  File "/home/ckq/anaconda3/envs/en1/lib/python3.6/site-packages/django/views/generic/base.py", line 69, in view
    return self.dispatch(request, *args, **kwargs)
  File "/home/ckq/anaconda3/envs/en1/lib/python3.6/site-packages/rest_framework/views.py", line 483, in dispatch
    response = self.handle_exception(exc)
  File "/home/ckq/anaconda3/envs/en1/lib/python3.6/site-packages/rest_framework/views.py", line 443, in handle_exception
    self.raise_uncaught_exception(exc)
  File "/home/ckq/anaconda3/envs/en1/lib/python3.6/site-packages/rest_framework/views.py", line 480, in dispatch
    response = handler(request, *args, **kwargs)
  File "/home/ckq/妗/TourCommentApiPro (澶浠)/TourCommentApi/TourCommentApi/Views/QdhSpotListView.py", line 40, in get
    return get_qdh_spot_list(request,id);
TypeError: get_qdh_spot_list() takes 1 positional argument but 2 were given
[2018-10-16 02:26:19,449] [ERROR] "GET /api/qdhspotlist HTTP/1.1" 500 95533
[2018-10-16 02:31:17,451] [ERROR] Internal Server Error: /api/qdhspotlist
Traceback (most recent call last):
  File "/home/ckq/anaconda3/envs/en1/lib/python3.6/site-packages/django/core/handlers/exception.py", line 35, in inner
    response = get_response(request)
  File "/home/ckq/anaconda3/envs/en1/lib/python3.6/site-packages/django/core/handlers/base.py", line 128, in _get_response
    response = self.process_exception_by_middleware(e, request)
  File "/home/ckq/anaconda3/envs/en1/lib/python3.6/site-packages/django/core/handlers/base.py", line 126, in _get_response
    response = wrapped_callback(request, *callback_args, **callback_kwargs)
  File "/home/ckq/anaconda3/envs/en1/lib/python3.6/site-packages/django/views/decorators/csrf.py", line 54, in wrapped_view
    return view_func(*args, **kwargs)
  File "/home/ckq/anaconda3/envs/en1/lib/python3.6/site-packages/django/views/generic/base.py", line 69, in view
    return self.dispatch(request, *args, **kwargs)
  File "/home/ckq/anaconda3/envs/en1/lib/python3.6/site-packages/rest_framework/views.py", line 483, in dispatch
    response = self.handle_exception(exc)
  File "/home/ckq/anaconda3/envs/en1/lib/python3.6/site-packages/rest_framework/views.py", line 443, in handle_exception
    self.raise_uncaught_exception(exc)
  File "/home/ckq/anaconda3/envs/en1/lib/python3.6/site-packages/rest_framework/views.py", line 480, in dispatch
    response = handler(request, *args, **kwargs)
  File "/home/ckq/妗/TourCommentApiPro (澶浠)/TourCommentApi/TourCommentApi/Views/QdhSpotListView.py", line 40, in get
    return get_qdh_spot_list(request);
  File "/home/ckq/妗/TourCommentApiPro (澶浠)/TourCommentApi/TourCommentApi/Views/QdhSpotListView.py", line 15, in get_qdh_spot_list
    allComments = comment.object();
AttributeError: type object 'comment' has no attribute 'object'
[2018-10-16 02:31:17,553] [ERROR] "GET /api/qdhspotlist HTTP/1.1" 500 99667
[2018-10-16 02:36:36,510] [INFO] "GET /api/qdhspotlist HTTP/1.1" 200 3883
[2018-10-16 02:42:09,722] [ERROR] Internal Server Error: /api/qdhspotlist
Traceback (most recent call last):
  File "/home/ckq/anaconda3/envs/en1/lib/python3.6/site-packages/django/core/handlers/exception.py", line 35, in inner
    response = get_response(request)
  File "/home/ckq/anaconda3/envs/en1/lib/python3.6/site-packages/django/core/handlers/base.py", line 128, in _get_response
    response = self.process_exception_by_middleware(e, request)
  File "/home/ckq/anaconda3/envs/en1/lib/python3.6/site-packages/django/core/handlers/base.py", line 126, in _get_response
    response = wrapped_callback(request, *callback_args, **callback_kwargs)
  File "/home/ckq/anaconda3/envs/en1/lib/python3.6/site-packages/django/views/decorators/csrf.py", line 54, in wrapped_view
    return view_func(*args, **kwargs)
  File "/home/ckq/anaconda3/envs/en1/lib/python3.6/site-packages/django/views/generic/base.py", line 69, in view
    return self.dispatch(request, *args, **kwargs)
  File "/home/ckq/anaconda3/envs/en1/lib/python3.6/site-packages/rest_framework/views.py", line 483, in dispatch
    response = self.handle_exception(exc)
  File "/home/ckq/anaconda3/envs/en1/lib/python3.6/site-packages/rest_framework/views.py", line 443, in handle_exception
    self.raise_uncaught_exception(exc)
  File "/home/ckq/anaconda3/envs/en1/lib/python3.6/site-packages/rest_framework/views.py", line 480, in dispatch
    response = handler(request, *args, **kwargs)
  File "/home/ckq/妗/TourCommentApiPro (澶浠)/TourCommentApi/TourCommentApi/Views/QdhSpotListView.py", line 46, in get
    return get_qdh_spot_list(request);
  File "/home/ckq/妗/TourCommentApiPro (澶浠)/TourCommentApi/TourCommentApi/Views/QdhSpotListView.py", line 16, in get_qdh_spot_list
    nowMOnth = str(datetime.datetime.now().year) + '-' + str(datetime.datetime.now().month).zfill(2);
AttributeError: type object 'datetime.datetime' has no attribute 'datetime'
[2018-10-16 02:42:09,826] [ERROR] "GET /api/qdhspotlist HTTP/1.1" 500 99972
[2018-10-16 02:43:27,823] [INFO] "GET /api/qdhspotlist HTTP/1.1" 200 3924
[2018-10-16 02:45:53,237] [INFO] "GET /api/qdhspotlist HTTP/1.1" 200 3926
[2018-10-16 02:52:55,194] [INFO] "GET /api/qdhspotlist HTTP/1.1" 200 4083
[2018-10-16 03:01:23,020] [ERROR] Internal Server Error: /api/spotnumcompared
Traceback (most recent call last):
  File "/home/ckq/anaconda3/envs/en1/lib/python3.6/site-packages/django/core/handlers/exception.py", line 35, in inner
    response = get_response(request)
  File "/home/ckq/anaconda3/envs/en1/lib/python3.6/site-packages/django/core/handlers/base.py", line 128, in _get_response
    response = self.process_exception_by_middleware(e, request)
  File "/home/ckq/anaconda3/envs/en1/lib/python3.6/site-packages/django/core/handlers/base.py", line 126, in _get_response
    response = wrapped_callback(request, *callback_args, **callback_kwargs)
  File "/home/ckq/anaconda3/envs/en1/lib/python3.6/site-packages/django/views/decorators/csrf.py", line 54, in wrapped_view
    return view_func(*args, **kwargs)
  File "/home/ckq/anaconda3/envs/en1/lib/python3.6/site-packages/django/views/generic/base.py", line 69, in view
    return self.dispatch(request, *args, **kwargs)
  File "/home/ckq/anaconda3/envs/en1/lib/python3.6/site-packages/rest_framework/views.py", line 483, in dispatch
    response = self.handle_exception(exc)
  File "/home/ckq/anaconda3/envs/en1/lib/python3.6/site-packages/rest_framework/views.py", line 443, in handle_exception
    self.raise_uncaught_exception(exc)
  File "/home/ckq/anaconda3/envs/en1/lib/python3.6/site-packages/rest_framework/views.py", line 480, in dispatch
    response = handler(request, *args, **kwargs)
  File "/home/ckq/妗/TourCommentApiPro (澶浠)/TourCommentApi/TourCommentApi/Views/SpotNumComparedView.py", line 74, in post
    return get_spot_num_compard(request);
  File "/home/ckq/妗/TourCommentApiPro (澶浠)/TourCommentApi/TourCommentApi/Views/SpotNumComparedView.py", line 12, in get_spot_num_compard
    search_keys = eval((request.POST.getlist('spots'))[0]);
  File "/home/ckq/anaconda3/envs/en1/lib/python3.6/site-packages/pandas/core/computation/eval.py", line 291, in eval
    truediv=truediv)
  File "/home/ckq/anaconda3/envs/en1/lib/python3.6/site-packages/pandas/core/computation/expr.py", line 739, in __init__
    self.terms = self.parse()
  File "/home/ckq/anaconda3/envs/en1/lib/python3.6/site-packages/pandas/core/computation/expr.py", line 756, in parse
    return self._visitor.visit(self.expr)
  File "/home/ckq/anaconda3/envs/en1/lib/python3.6/site-packages/pandas/core/computation/expr.py", line 317, in visit
    raise e
  File "/home/ckq/anaconda3/envs/en1/lib/python3.6/site-packages/pandas/core/computation/expr.py", line 311, in visit
    node = ast.fix_missing_locations(ast.parse(clean))
  File "/home/ckq/anaconda3/envs/en1/lib/python3.6/ast.py", line 35, in parse
    return compile(source, filename, mode, PyCF_ONLY_AST)
  File "<unknown>", line 1
    [瑗挎 ']
       ^
SyntaxError: invalid character in identifier
[2018-10-16 03:01:23,194] [ERROR] "POST /api/spotnumcompared HTTP/1.1" 500 19434
[2018-10-16 03:02:08,251] [INFO] This is an errormsg
[2018-10-16 03:02:08,252] [INFO] "POST /api/spotnumcompared HTTP/1.1" 200 52
[2018-10-16 03:03:27,087] [INFO] This is an errormsg
[2018-10-16 03:03:27,088] [INFO] "POST /api/spotnumcompared HTTP/1.1" 200 52
[2018-10-16 03:12:18,407] [INFO] This is an errormsg
[2018-10-16 03:12:18,407] [INFO] "POST /api/spotnumcompared HTTP/1.1" 200 52
[2018-10-16 03:14:23,222] [INFO] This is an errormsg
[2018-10-16 03:14:23,223] [INFO] "POST /api/spotnumcompared HTTP/1.1" 200 52
[2018-10-16 03:15:57,420] [ERROR] Internal Server Error: /api/spotnumcompared
Traceback (most recent call last):
  File "/home/ckq/anaconda3/envs/en1/lib/python3.6/site-packages/django/core/handlers/exception.py", line 35, in inner
    response = get_response(request)
  File "/home/ckq/anaconda3/envs/en1/lib/python3.6/site-packages/django/core/handlers/base.py", line 128, in _get_response
    response = self.process_exception_by_middleware(e, request)
  File "/home/ckq/anaconda3/envs/en1/lib/python3.6/site-packages/django/core/handlers/base.py", line 126, in _get_response
    response = wrapped_callback(request, *callback_args, **callback_kwargs)
  File "/home/ckq/anaconda3/envs/en1/lib/python3.6/site-packages/django/views/decorators/csrf.py", line 54, in wrapped_view
    return view_func(*args, **kwargs)
  File "/home/ckq/anaconda3/envs/en1/lib/python3.6/site-packages/django/views/generic/base.py", line 69, in view
    return self.dispatch(request, *args, **kwargs)
  File "/home/ckq/anaconda3/envs/en1/lib/python3.6/site-packages/rest_framework/views.py", line 483, in dispatch
    response = self.handle_exception(exc)
  File "/home/ckq/anaconda3/envs/en1/lib/python3.6/site-packages/rest_framework/views.py", line 443, in handle_exception
    self.raise_uncaught_exception(exc)
  File "/home/ckq/anaconda3/envs/en1/lib/python3.6/site-packages/rest_framework/views.py", line 480, in dispatch
    response = handler(request, *args, **kwargs)
  File "/home/ckq/妗/TourCommentApiPro (澶浠)/TourCommentApi/TourCommentApi/Views/SpotNumComparedView.py", line 77, in post
    return get_spot_num_compard(request);
  File "/home/ckq/妗/TourCommentApiPro (澶浠)/TourCommentApi/TourCommentApi/Views/SpotNumComparedView.py", line 16, in get_spot_num_compard
    websites = eval((request.POST.getlist('websites'))[0]);
  File "/home/ckq/anaconda3/envs/en1/lib/python3.6/site-packages/pandas/core/computation/eval.py", line 291, in eval
    truediv=truediv)
  File "/home/ckq/anaconda3/envs/en1/lib/python3.6/site-packages/pandas/core/computation/expr.py", line 739, in __init__
    self.terms = self.parse()
  File "/home/ckq/anaconda3/envs/en1/lib/python3.6/site-packages/pandas/core/computation/expr.py", line 756, in parse
    return self._visitor.visit(self.expr)
  File "/home/ckq/anaconda3/envs/en1/lib/python3.6/site-packages/pandas/core/computation/expr.py", line 317, in visit
    raise e
  File "/home/ckq/anaconda3/envs/en1/lib/python3.6/site-packages/pandas/core/computation/expr.py", line 311, in visit
    node = ast.fix_missing_locations(ast.parse(clean))
  File "/home/ckq/anaconda3/envs/en1/lib/python3.6/ast.py", line 35, in parse
    return compile(source, filename, mode, PyCF_ONLY_AST)
  File "<unknown>", line 1
    [虹 ]
       ^
SyntaxError: invalid character in identifier
[2018-10-16 03:15:57,518] [ERROR] "POST /api/spotnumcompared HTTP/1.1" 500 19439
[2018-10-16 03:17:12,449] [INFO] "POST /api/spotnumcompared HTTP/1.1" 200 560
[2018-10-16 03:20:16,497] [INFO] "POST /api/spotnumcompared HTTP/1.1" 200 303
[2018-10-16 03:20:42,872] [INFO] "POST /api/spotnumcompared HTTP/1.1" 200 303
[2018-10-16 03:21:02,734] [INFO] "POST /api/spotnumcompared HTTP/1.1" 200 303
[2018-10-16 03:22:18,148] [INFO] "POST /api/spotnumcompared HTTP/1.1" 200 557
[2018-10-16 03:32:00,416] [ERROR] Internal Server Error: /api/qdhstate
Traceback (most recent call last):
  File "/home/ckq/anaconda3/envs/en1/lib/python3.6/site-packages/django/core/handlers/exception.py", line 35, in inner
    response = get_response(request)
  File "/home/ckq/anaconda3/envs/en1/lib/python3.6/site-packages/django/core/handlers/base.py", line 128, in _get_response
    response = self.process_exception_by_middleware(e, request)
  File "/home/ckq/anaconda3/envs/en1/lib/python3.6/site-packages/django/core/handlers/base.py", line 126, in _get_response
    response = wrapped_callback(request, *callback_args, **callback_kwargs)
  File "/home/ckq/anaconda3/envs/en1/lib/python3.6/site-packages/django/views/decorators/csrf.py", line 54, in wrapped_view
    return view_func(*args, **kwargs)
  File "/home/ckq/anaconda3/envs/en1/lib/python3.6/site-packages/django/views/generic/base.py", line 69, in view
    return self.dispatch(request, *args, **kwargs)
  File "/home/ckq/anaconda3/envs/en1/lib/python3.6/site-packages/rest_framework/views.py", line 483, in dispatch
    response = self.handle_exception(exc)
  File "/home/ckq/anaconda3/envs/en1/lib/python3.6/site-packages/rest_framework/views.py", line 443, in handle_exception
    self.raise_uncaught_exception(exc)
  File "/home/ckq/anaconda3/envs/en1/lib/python3.6/site-packages/rest_framework/views.py", line 480, in dispatch
    response = handler(request, *args, **kwargs)
  File "/home/ckq/妗/TourCommentApiPro (澶浠)/TourCommentApi/TourCommentApi/Views/QdhStateView.py", line 31, in get
    return get_qdh_state(request);
TypeError: get_qdh_state() missing 1 required positional argument: 'id'
[2018-10-16 03:32:00,529] [ERROR] "GET /api/qdhstate HTTP/1.1" 500 95330
[2018-10-16 03:32:52,275] [INFO] "GET /api/qdhstate HTTP/1.1" 200 105
[2018-10-16 04:03:57,093] [ERROR] Internal Server Error: /api/spotdetail/1
Traceback (most recent call last):
  File "/home/ckq/anaconda3/envs/en1/lib/python3.6/site-packages/django/core/handlers/exception.py", line 35, in inner
    response = get_response(request)
  File "/home/ckq/anaconda3/envs/en1/lib/python3.6/site-packages/django/core/handlers/base.py", line 128, in _get_response
    response = self.process_exception_by_middleware(e, request)
  File "/home/ckq/anaconda3/envs/en1/lib/python3.6/site-packages/django/core/handlers/base.py", line 126, in _get_response
    response = wrapped_callback(request, *callback_args, **callback_kwargs)
  File "/home/ckq/anaconda3/envs/en1/lib/python3.6/site-packages/django/views/decorators/csrf.py", line 54, in wrapped_view
    return view_func(*args, **kwargs)
  File "/home/ckq/anaconda3/envs/en1/lib/python3.6/site-packages/django/views/generic/base.py", line 69, in view
    return self.dispatch(request, *args, **kwargs)
  File "/home/ckq/anaconda3/envs/en1/lib/python3.6/site-packages/rest_framework/views.py", line 483, in dispatch
    response = self.handle_exception(exc)
  File "/home/ckq/anaconda3/envs/en1/lib/python3.6/site-packages/rest_framework/views.py", line 443, in handle_exception
    self.raise_uncaught_exception(exc)
  File "/home/ckq/anaconda3/envs/en1/lib/python3.6/site-packages/rest_framework/views.py", line 480, in dispatch
    response = handler(request, *args, **kwargs)
  File "/home/ckq/妗/TourCommentApiPro (澶浠)/TourCommentApi/TourCommentApi/Views/SpotDetailView.py", line 61, in get
    return get_spot_detail(request,id);
  File "/home/ckq/妗/TourCommentApiPro (澶浠)/TourCommentApi/TourCommentApi/Views/SpotDetailView.py", line 11, in get_spot_detail
    spot = regioninfo.objects(id = id).search_key;
AttributeError: 'QuerySet' object has no attribute 'search_key'
[2018-10-16 04:03:57,191] [ERROR] "GET /api/spotdetail/1 HTTP/1.1" 500 99838
[2018-10-16 04:06:22,051] [ERROR] Internal Server Error: /api/spotdetail/1
Traceback (most recent call last):
  File "/home/ckq/anaconda3/envs/en1/lib/python3.6/site-packages/django/core/handlers/exception.py", line 35, in inner
    response = get_response(request)
  File "/home/ckq/anaconda3/envs/en1/lib/python3.6/site-packages/django/core/handlers/base.py", line 128, in _get_response
    response = self.process_exception_by_middleware(e, request)
  File "/home/ckq/anaconda3/envs/en1/lib/python3.6/site-packages/django/core/handlers/base.py", line 126, in _get_response
    response = wrapped_callback(request, *callback_args, **callback_kwargs)
  File "/home/ckq/anaconda3/envs/en1/lib/python3.6/site-packages/django/views/decorators/csrf.py", line 54, in wrapped_view
    return view_func(*args, **kwargs)
  File "/home/ckq/anaconda3/envs/en1/lib/python3.6/site-packages/django/views/generic/base.py", line 69, in view
    return self.dispatch(request, *args, **kwargs)
  File "/home/ckq/anaconda3/envs/en1/lib/python3.6/site-packages/rest_framework/views.py", line 483, in dispatch
    response = self.handle_exception(exc)
  File "/home/ckq/anaconda3/envs/en1/lib/python3.6/site-packages/rest_framework/views.py", line 443, in handle_exception
    self.raise_uncaught_exception(exc)
  File "/home/ckq/anaconda3/envs/en1/lib/python3.6/site-packages/rest_framework/views.py", line 480, in dispatch
    response = handler(request, *args, **kwargs)
  File "/home/ckq/妗/TourCommentApiPro (澶浠)/TourCommentApi/TourCommentApi/Views/SpotDetailView.py", line 61, in get
    return get_spot_detail(request,id);
  File "/home/ckq/妗/TourCommentApiPro (澶浠)/TourCommentApi/TourCommentApi/Views/SpotDetailView.py", line 11, in get_spot_detail
    spot = (regioninfo.objects(id = id)).search_key;
AttributeError: 'QuerySet' object has no attribute 'search_key'
[2018-10-16 04:06:22,153] [ERROR] "GET /api/spotdetail/1 HTTP/1.1" 500 99979
[2018-10-16 04:11:21,581] [ERROR] Internal Server Error: /api/spotdetail/1
Traceback (most recent call last):
  File "/home/ckq/anaconda3/envs/en1/lib/python3.6/site-packages/django/core/handlers/exception.py", line 35, in inner
    response = get_response(request)
  File "/home/ckq/anaconda3/envs/en1/lib/python3.6/site-packages/django/core/handlers/base.py", line 128, in _get_response
    response = self.process_exception_by_middleware(e, request)
  File "/home/ckq/anaconda3/envs/en1/lib/python3.6/site-packages/django/core/handlers/base.py", line 126, in _get_response
    response = wrapped_callback(request, *callback_args, **callback_kwargs)
  File "/home/ckq/anaconda3/envs/en1/lib/python3.6/site-packages/django/views/decorators/csrf.py", line 54, in wrapped_view
    return view_func(*args, **kwargs)
  File "/home/ckq/anaconda3/envs/en1/lib/python3.6/site-packages/django/views/generic/base.py", line 69, in view
    return self.dispatch(request, *args, **kwargs)
  File "/home/ckq/anaconda3/envs/en1/lib/python3.6/site-packages/rest_framework/views.py", line 483, in dispatch
    response = self.handle_exception(exc)
  File "/home/ckq/anaconda3/envs/en1/lib/python3.6/site-packages/rest_framework/views.py", line 443, in handle_exception
    self.raise_uncaught_exception(exc)
  File "/home/ckq/anaconda3/envs/en1/lib/python3.6/site-packages/rest_framework/views.py", line 480, in dispatch
    response = handler(request, *args, **kwargs)
  File "/home/ckq/妗/TourCommentApiPro (澶浠)/TourCommentApi/TourCommentApi/Views/SpotDetailView.py", line 61, in get
    return get_spot_detail(request,id);
  File "/home/ckq/妗/TourCommentApiPro (澶浠)/TourCommentApi/TourCommentApi/Views/SpotDetailView.py", line 25, in get_spot_detail
    res['monthCommentScore'] = round(spot_comment_data.average('comment_score'), 1);
  File "/home/ckq/anaconda3/envs/en1/lib/python3.6/site-packages/pandas/core/generic.py", line 4372, in __getattr__
    return object.__getattribute__(self, name)
AttributeError: 'DataFrame' object has no attribute 'average'
[2018-10-16 04:11:21,972] [ERROR] "GET /api/spotdetail/1 HTTP/1.1" 500 115424
[2018-10-16 04:13:38,078] [INFO] "GET /api/spotdetail/1 HTTP/1.1" 200 399
[2018-10-16 04:14:41,071] [INFO] "GET /api/spotdetail/1 HTTP/1.1" 200 310
[2018-10-16 04:14:48,982] [INFO] "GET /api/spotdetail/2 HTTP/1.1" 200 401
[2018-10-16 04:19:23,296] [INFO] "GET /api/spotdetail/2 HTTP/1.1" 200 581
[2018-10-16 04:19:54,038] [INFO] "GET /api/spotdetail/5 HTTP/1.1" 200 576
[2018-10-16 04:20:00,848] [INFO] "GET /api/spotdetail/18 HTTP/1.1" 200 574
[2018-10-16 04:26:38,910] [INFO] "GET /api/spotdetail/18 HTTP/1.1" 200 601
[2018-10-16 04:28:41,562] [INFO] "GET /api/qdhstate HTTP/1.1" 200 105
[2018-10-16 05:01:46,643] [INFO] "GET /api/spotdetail/18 HTTP/1.1" 200 541
[2018-10-16 05:02:09,804] [INFO] "GET /api/spotdetail/1 HTTP/1.1" 200 405
[2018-10-16 05:02:38,982] [INFO] "GET /api/spotdetail/18 HTTP/1.1" 200 541
[2018-10-16 05:06:35,844] [INFO] "GET /api/spotdetail/18 HTTP/1.1" 200 543
[2018-10-16 05:11:52,784] [INFO] "GET /api/spotlist HTTP/1.1" 200 3193
[2018-10-16 05:13:22,989] [INFO] "GET /api/qdhspotlist HTTP/1.1" 200 3780
[2018-10-16 05:14:04,695] [INFO] "GET /api/qdhstate HTTP/1.1" 200 93
[2018-10-16 14:25:11,077] [ERROR] Internal Server Error: /api/login
Traceback (most recent call last):
  File "E:\Anaconda\envs\en1\lib\site-packages\django\core\handlers\exception.py", line 35, in inner
    response = get_response(request)
  File "E:\Anaconda\envs\en1\lib\site-packages\django\core\handlers\base.py", line 128, in _get_response
    response = self.process_exception_by_middleware(e, request)
  File "E:\Anaconda\envs\en1\lib\site-packages\django\core\handlers\base.py", line 126, in _get_response
    response = wrapped_callback(request, *callback_args, **callback_kwargs)
  File "E:\Anaconda\envs\en1\lib\site-packages\django\views\decorators\csrf.py", line 54, in wrapped_view
    return view_func(*args, **kwargs)
  File "E:\Anaconda\envs\en1\lib\site-packages\django\views\generic\base.py", line 69, in view
    return self.dispatch(request, *args, **kwargs)
  File "E:\Anaconda\envs\en1\lib\site-packages\rest_framework\views.py", line 483, in dispatch
    response = self.handle_exception(exc)
  File "E:\Anaconda\envs\en1\lib\site-packages\rest_framework\views.py", line 443, in handle_exception
    self.raise_uncaught_exception(exc)
  File "E:\Anaconda\envs\en1\lib\site-packages\rest_framework\views.py", line 480, in dispatch
    response = handler(request, *args, **kwargs)
  File "E:\Anaconda\envs\en1\lib\site-packages\rest_framework\decorators.py", line 53, in handler
    return func(*args, **kwargs)
  File "C:\Users\ckq\Desktop\TourCommentApiPro\TourCommentApi\TourCommentApi\Views\LoginView.py", line 28, in login
    users = user.objects.get(username=username);
  File "E:\Anaconda\envs\en1\lib\site-packages\mongoengine\queryset\base.py", line 272, in get
    result = next(queryset)
  File "E:\Anaconda\envs\en1\lib\site-packages\mongoengine\queryset\base.py", line 1493, in __next__
    only_fields=self.only_fields)
  File "E:\Anaconda\envs\en1\lib\site-packages\mongoengine\base\document.py", line 722, in _from_son
    obj = cls(__auto_convert=False, _created=created, __only_fields=only_fields, **data)
  File "E:\Anaconda\envs\en1\lib\site-packages\mongoengine\base\document.py", line 78, in __init__
    raise FieldDoesNotExist(msg)
mongoengine.errors.FieldDoesNotExist: The fields "{'testna', 'test'}" do not exist on the document "user"
[2018-10-16 14:25:11,639] [ERROR] "POST /api/login HTTP/1.1" 500 17625
[2018-10-16 14:26:33,959] [INFO] "POST /api/login HTTP/1.1" 200 223
[2018-10-16 14:39:30,083] [INFO] "GET /api/spotlist HTTP/1.1" 200 3193
[2018-10-16 14:39:31,283] [WARNING] Not Found: /favicon.ico
[2018-10-16 14:39:31,287] [WARNING] "GET /favicon.ico HTTP/1.1" 404 2803
[2018-10-16 14:39:52,480] [INFO] "GET /api/spotlist HTTP/1.1" 200 3193
[2018-10-16 14:39:52,544] [WARNING] Not Found: /favicon.ico
[2018-10-16 14:39:52,546] [WARNING] "GET /favicon.ico HTTP/1.1" 404 2803
[2018-10-16 14:42:37,705] [INFO] "GET /api/spotlist HTTP/1.1" 200 3193
[2018-10-16 14:44:58,324] [INFO] "GET /api/spotlist HTTP/1.1" 200 3193
[2018-10-16 14:45:11,691] [INFO] "GET /api/spotlist HTTP/1.1" 200 3193
[2018-10-16 15:29:03,213] [INFO] "POST /api/login HTTP/1.1" 200 223
[2018-10-16 15:29:18,669] [INFO] "POST /api/login HTTP/1.1" 200 223
[2018-10-16 20:08:15,469] [ERROR] Internal Server Error: /api/spotnumcompared
Traceback (most recent call last):
  File "E:\Anaconda\envs\en1\lib\site-packages\django\core\handlers\exception.py", line 35, in inner
    response = get_response(request)
  File "E:\Anaconda\envs\en1\lib\site-packages\django\core\handlers\base.py", line 128, in _get_response
    response = self.process_exception_by_middleware(e, request)
  File "E:\Anaconda\envs\en1\lib\site-packages\django\core\handlers\base.py", line 126, in _get_response
    response = wrapped_callback(request, *callback_args, **callback_kwargs)
  File "E:\Anaconda\envs\en1\lib\site-packages\django\views\decorators\csrf.py", line 54, in wrapped_view
    return view_func(*args, **kwargs)
  File "E:\Anaconda\envs\en1\lib\site-packages\django\views\generic\base.py", line 69, in view
    return self.dispatch(request, *args, **kwargs)
  File "E:\Anaconda\envs\en1\lib\site-packages\rest_framework\views.py", line 483, in dispatch
    response = self.handle_exception(exc)
  File "E:\Anaconda\envs\en1\lib\site-packages\rest_framework\views.py", line 443, in handle_exception
    self.raise_uncaught_exception(exc)
  File "E:\Anaconda\envs\en1\lib\site-packages\rest_framework\views.py", line 480, in dispatch
    response = handler(request, *args, **kwargs)
  File "C:\Users\ckq\Desktop\TourCommentApiPro\TourCommentApi\TourCommentApi\Views\SpotNumComparedView.py", line 79, in post
    return get_spot_num_compard(request);
  File "C:\Users\ckq\Desktop\TourCommentApiPro\TourCommentApi\TourCommentApi\Views\SpotNumComparedView.py", line 14, in get_spot_num_compard
    search_keys = eval((request.POST.getlist('spots'))[0]);
IndexError: list index out of range
[2018-10-16 20:08:15,788] [ERROR] "POST /api/spotnumcompared HTTP/1.1" 500 17253
[2018-10-16 20:09:55,737] [ERROR] Internal Server Error: /api/spotnumcompared
Traceback (most recent call last):
  File "E:\Anaconda\envs\en1\lib\site-packages\django\core\handlers\exception.py", line 35, in inner
    response = get_response(request)
  File "E:\Anaconda\envs\en1\lib\site-packages\django\core\handlers\base.py", line 128, in _get_response
    response = self.process_exception_by_middleware(e, request)
  File "E:\Anaconda\envs\en1\lib\site-packages\django\core\handlers\base.py", line 126, in _get_response
    response = wrapped_callback(request, *callback_args, **callback_kwargs)
  File "E:\Anaconda\envs\en1\lib\site-packages\django\views\decorators\csrf.py", line 54, in wrapped_view
    return view_func(*args, **kwargs)
  File "E:\Anaconda\envs\en1\lib\site-packages\django\views\generic\base.py", line 69, in view
    return self.dispatch(request, *args, **kwargs)
  File "E:\Anaconda\envs\en1\lib\site-packages\rest_framework\views.py", line 483, in dispatch
    response = self.handle_exception(exc)
  File "E:\Anaconda\envs\en1\lib\site-packages\rest_framework\views.py", line 443, in handle_exception
    self.raise_uncaught_exception(exc)
  File "E:\Anaconda\envs\en1\lib\site-packages\rest_framework\views.py", line 480, in dispatch
    response = handler(request, *args, **kwargs)
  File "C:\Users\ckq\Desktop\TourCommentApiPro\TourCommentApi\TourCommentApi\Views\SpotNumComparedView.py", line 79, in post
    return get_spot_num_compard(request);
  File "C:\Users\ckq\Desktop\TourCommentApiPro\TourCommentApi\TourCommentApi\Views\SpotNumComparedView.py", line 19, in get_spot_num_compard
    websites = eval((request.POST.getlist('websites'))[0]);
IndexError: list index out of range
[2018-10-16 20:09:56,055] [ERROR] "POST /api/spotnumcompared HTTP/1.1" 500 17253
[2018-10-16 20:13:31,323] [ERROR] Internal Server Error: /api/spotnumcompared
Traceback (most recent call last):
  File "E:\Anaconda\envs\en1\lib\site-packages\django\core\handlers\exception.py", line 35, in inner
    response = get_response(request)
  File "E:\Anaconda\envs\en1\lib\site-packages\django\core\handlers\base.py", line 128, in _get_response
    response = self.process_exception_by_middleware(e, request)
  File "E:\Anaconda\envs\en1\lib\site-packages\django\core\handlers\base.py", line 126, in _get_response
    response = wrapped_callback(request, *callback_args, **callback_kwargs)
  File "E:\Anaconda\envs\en1\lib\site-packages\django\views\decorators\csrf.py", line 54, in wrapped_view
    return view_func(*args, **kwargs)
  File "E:\Anaconda\envs\en1\lib\site-packages\django\views\generic\base.py", line 69, in view
    return self.dispatch(request, *args, **kwargs)
  File "E:\Anaconda\envs\en1\lib\site-packages\rest_framework\views.py", line 483, in dispatch
    response = self.handle_exception(exc)
  File "E:\Anaconda\envs\en1\lib\site-packages\rest_framework\views.py", line 443, in handle_exception
    self.raise_uncaught_exception(exc)
  File "E:\Anaconda\envs\en1\lib\site-packages\rest_framework\views.py", line 480, in dispatch
    response = handler(request, *args, **kwargs)
  File "C:\Users\ckq\Desktop\TourCommentApiPro\TourCommentApi\TourCommentApi\Views\SpotNumComparedView.py", line 79, in post
    return get_spot_num_compard(request);
  File "C:\Users\ckq\Desktop\TourCommentApiPro\TourCommentApi\TourCommentApi\Views\SpotNumComparedView.py", line 14, in get_spot_num_compard
    search_keys = eval((request.POST.getlist('spots'))[0]);
IndexError: list index out of range
[2018-10-16 20:13:31,601] [ERROR] "POST /api/spotnumcompared HTTP/1.1" 500 17253
[2018-10-16 20:18:39,083] [ERROR] Internal Server Error: /api/spotnumcompared
Traceback (most recent call last):
  File "E:\Anaconda\envs\en1\lib\site-packages\django\core\handlers\exception.py", line 35, in inner
    response = get_response(request)
  File "E:\Anaconda\envs\en1\lib\site-packages\django\core\handlers\base.py", line 128, in _get_response
    response = self.process_exception_by_middleware(e, request)
  File "E:\Anaconda\envs\en1\lib\site-packages\django\core\handlers\base.py", line 126, in _get_response
    response = wrapped_callback(request, *callback_args, **callback_kwargs)
  File "E:\Anaconda\envs\en1\lib\site-packages\django\views\decorators\csrf.py", line 54, in wrapped_view
    return view_func(*args, **kwargs)
  File "E:\Anaconda\envs\en1\lib\site-packages\django\views\generic\base.py", line 69, in view
    return self.dispatch(request, *args, **kwargs)
  File "E:\Anaconda\envs\en1\lib\site-packages\rest_framework\views.py", line 483, in dispatch
    response = self.handle_exception(exc)
  File "E:\Anaconda\envs\en1\lib\site-packages\rest_framework\views.py", line 443, in handle_exception
    self.raise_uncaught_exception(exc)
  File "E:\Anaconda\envs\en1\lib\site-packages\rest_framework\views.py", line 480, in dispatch
    response = handler(request, *args, **kwargs)
  File "C:\Users\ckq\Desktop\TourCommentApiPro\TourCommentApi\TourCommentApi\Views\SpotNumComparedView.py", line 79, in post
    return get_spot_num_compard(request);
  File "C:\Users\ckq\Desktop\TourCommentApiPro\TourCommentApi\TourCommentApi\Views\SpotNumComparedView.py", line 19, in get_spot_num_compard
    websites = eval((request.POST.getlist('websites'))[0]);
IndexError: list index out of range
[2018-10-16 20:18:39,298] [ERROR] "POST /api/spotnumcompared HTTP/1.1" 500 17253
[2018-10-16 20:24:01,244] [INFO] "POST /api/login HTTP/1.1" 200 223
[2018-10-16 20:28:08,074] [ERROR] Internal Server Error: /api/spotnumcompared
Traceback (most recent call last):
  File "E:\Anaconda\envs\en1\lib\site-packages\django\core\handlers\exception.py", line 35, in inner
    response = get_response(request)
  File "E:\Anaconda\envs\en1\lib\site-packages\django\core\handlers\base.py", line 128, in _get_response
    response = self.process_exception_by_middleware(e, request)
  File "E:\Anaconda\envs\en1\lib\site-packages\django\core\handlers\base.py", line 126, in _get_response
    response = wrapped_callback(request, *callback_args, **callback_kwargs)
  File "E:\Anaconda\envs\en1\lib\site-packages\django\views\decorators\csrf.py", line 54, in wrapped_view
    return view_func(*args, **kwargs)
  File "E:\Anaconda\envs\en1\lib\site-packages\django\views\generic\base.py", line 69, in view
    return self.dispatch(request, *args, **kwargs)
  File "E:\Anaconda\envs\en1\lib\site-packages\rest_framework\views.py", line 483, in dispatch
    response = self.handle_exception(exc)
  File "E:\Anaconda\envs\en1\lib\site-packages\rest_framework\views.py", line 443, in handle_exception
    self.raise_uncaught_exception(exc)
  File "E:\Anaconda\envs\en1\lib\site-packages\rest_framework\views.py", line 480, in dispatch
    response = handler(request, *args, **kwargs)
  File "C:\Users\ckq\Desktop\TourCommentApiPro\TourCommentApi\TourCommentApi\Views\SpotNumComparedView.py", line 80, in post
    return get_spot_num_compard(request);
  File "C:\Users\ckq\Desktop\TourCommentApiPro\TourCommentApi\TourCommentApi\Views\SpotNumComparedView.py", line 14, in get_spot_num_compard
    body = json.loads(request.body);
ValueError: Unexpected character found when decoding 'true'
[2018-10-16 20:28:08,346] [ERROR] "POST /api/spotnumcompared HTTP/1.1" 500 17278
[2018-10-16 20:28:33,358] [INFO] "POST /api/spotnumcompared HTTP/1.1" 200 188
[2018-10-16 20:28:53,823] [ERROR] Internal Server Error: /api/spotnumcompared
Traceback (most recent call last):
  File "E:\Anaconda\envs\en1\lib\site-packages\django\core\handlers\exception.py", line 35, in inner
    response = get_response(request)
  File "E:\Anaconda\envs\en1\lib\site-packages\django\core\handlers\base.py", line 128, in _get_response
    response = self.process_exception_by_middleware(e, request)
  File "E:\Anaconda\envs\en1\lib\site-packages\django\core\handlers\base.py", line 126, in _get_response
    response = wrapped_callback(request, *callback_args, **callback_kwargs)
  File "E:\Anaconda\envs\en1\lib\site-packages\django\views\decorators\csrf.py", line 54, in wrapped_view
    return view_func(*args, **kwargs)
  File "E:\Anaconda\envs\en1\lib\site-packages\django\views\generic\base.py", line 69, in view
    return self.dispatch(request, *args, **kwargs)
  File "E:\Anaconda\envs\en1\lib\site-packages\rest_framework\views.py", line 483, in dispatch
    response = self.handle_exception(exc)
  File "E:\Anaconda\envs\en1\lib\site-packages\rest_framework\views.py", line 443, in handle_exception
    self.raise_uncaught_exception(exc)
  File "E:\Anaconda\envs\en1\lib\site-packages\rest_framework\views.py", line 480, in dispatch
    response = handler(request, *args, **kwargs)
  File "C:\Users\ckq\Desktop\TourCommentApiPro\TourCommentApi\TourCommentApi\Views\SpotNumComparedView.py", line 80, in post
    return get_spot_num_compard(request);
  File "C:\Users\ckq\Desktop\TourCommentApiPro\TourCommentApi\TourCommentApi\Views\SpotNumComparedView.py", line 14, in get_spot_num_compard
    body = json.loads(request.body);
ValueError: Unexpected character found when decoding 'true'
[2018-10-16 20:28:53,919] [ERROR] "POST /api/spotnumcompared HTTP/1.1" 500 17278
[2018-10-16 20:29:49,742] [ERROR] Internal Server Error: /api/spotnumcompared
Traceback (most recent call last):
  File "E:\Anaconda\envs\en1\lib\site-packages\django\core\handlers\exception.py", line 35, in inner
    response = get_response(request)
  File "E:\Anaconda\envs\en1\lib\site-packages\django\core\handlers\base.py", line 128, in _get_response
    response = self.process_exception_by_middleware(e, request)
  File "E:\Anaconda\envs\en1\lib\site-packages\django\core\handlers\base.py", line 126, in _get_response
    response = wrapped_callback(request, *callback_args, **callback_kwargs)
  File "E:\Anaconda\envs\en1\lib\site-packages\django\views\decorators\csrf.py", line 54, in wrapped_view
    return view_func(*args, **kwargs)
  File "E:\Anaconda\envs\en1\lib\site-packages\django\views\generic\base.py", line 69, in view
    return self.dispatch(request, *args, **kwargs)
  File "E:\Anaconda\envs\en1\lib\site-packages\rest_framework\views.py", line 483, in dispatch
    response = self.handle_exception(exc)
  File "E:\Anaconda\envs\en1\lib\site-packages\rest_framework\views.py", line 443, in handle_exception
    self.raise_uncaught_exception(exc)
  File "E:\Anaconda\envs\en1\lib\site-packages\rest_framework\views.py", line 480, in dispatch
    response = handler(request, *args, **kwargs)
  File "C:\Users\ckq\Desktop\TourCommentApiPro\TourCommentApi\TourCommentApi\Views\SpotNumComparedView.py", line 80, in post
    return get_spot_num_compard(request);
  File "C:\Users\ckq\Desktop\TourCommentApiPro\TourCommentApi\TourCommentApi\Views\SpotNumComparedView.py", line 14, in get_spot_num_compard
    body = json.loads(request.body);
ValueError: Unexpected character found when decoding 'true'
[2018-10-16 20:29:50,036] [ERROR] "POST /api/spotnumcompared HTTP/1.1" 500 17278
[2018-10-16 20:30:01,239] [ERROR] Internal Server Error: /api/spotnumcompared
Traceback (most recent call last):
  File "E:\Anaconda\envs\en1\lib\site-packages\django\core\handlers\exception.py", line 35, in inner
    response = get_response(request)
  File "E:\Anaconda\envs\en1\lib\site-packages\django\core\handlers\base.py", line 128, in _get_response
    response = self.process_exception_by_middleware(e, request)
  File "E:\Anaconda\envs\en1\lib\site-packages\django\core\handlers\base.py", line 126, in _get_response
    response = wrapped_callback(request, *callback_args, **callback_kwargs)
  File "E:\Anaconda\envs\en1\lib\site-packages\django\views\decorators\csrf.py", line 54, in wrapped_view
    return view_func(*args, **kwargs)
  File "E:\Anaconda\envs\en1\lib\site-packages\django\views\generic\base.py", line 69, in view
    return self.dispatch(request, *args, **kwargs)
  File "E:\Anaconda\envs\en1\lib\site-packages\rest_framework\views.py", line 483, in dispatch
    response = self.handle_exception(exc)
  File "E:\Anaconda\envs\en1\lib\site-packages\rest_framework\views.py", line 443, in handle_exception
    self.raise_uncaught_exception(exc)
  File "E:\Anaconda\envs\en1\lib\site-packages\rest_framework\views.py", line 480, in dispatch
    response = handler(request, *args, **kwargs)
  File "C:\Users\ckq\Desktop\TourCommentApiPro\TourCommentApi\TourCommentApi\Views\SpotNumComparedView.py", line 80, in post
    return get_spot_num_compard(request);
  File "C:\Users\ckq\Desktop\TourCommentApiPro\TourCommentApi\TourCommentApi\Views\SpotNumComparedView.py", line 14, in get_spot_num_compard
    body = json.loads(request.body);
ValueError: Unexpected character found when decoding 'true'
[2018-10-16 20:30:01,458] [ERROR] "POST /api/spotnumcompared HTTP/1.1" 500 17278
[2018-10-16 20:30:59,959] [INFO] "POST /api/spotnumcompared HTTP/1.1" 200 188
[2018-10-16 20:34:56,521] [ERROR] Internal Server Error: /api/spotnumcompared
Traceback (most recent call last):
  File "E:\Anaconda\envs\en1\lib\site-packages\django\core\handlers\exception.py", line 35, in inner
    response = get_response(request)
  File "E:\Anaconda\envs\en1\lib\site-packages\django\core\handlers\base.py", line 128, in _get_response
    response = self.process_exception_by_middleware(e, request)
  File "E:\Anaconda\envs\en1\lib\site-packages\django\core\handlers\base.py", line 126, in _get_response
    response = wrapped_callback(request, *callback_args, **callback_kwargs)
  File "E:\Anaconda\envs\en1\lib\site-packages\django\views\decorators\csrf.py", line 54, in wrapped_view
    return view_func(*args, **kwargs)
  File "E:\Anaconda\envs\en1\lib\site-packages\django\views\generic\base.py", line 69, in view
    return self.dispatch(request, *args, **kwargs)
  File "E:\Anaconda\envs\en1\lib\site-packages\rest_framework\views.py", line 483, in dispatch
    response = self.handle_exception(exc)
  File "E:\Anaconda\envs\en1\lib\site-packages\rest_framework\views.py", line 443, in handle_exception
    self.raise_uncaught_exception(exc)
  File "E:\Anaconda\envs\en1\lib\site-packages\rest_framework\views.py", line 480, in dispatch
    response = handler(request, *args, **kwargs)
  File "C:\Users\ckq\Desktop\TourCommentApiPro\TourCommentApi\TourCommentApi\Views\SpotNumComparedView.py", line 80, in post
    return get_spot_num_compard(request);
  File "C:\Users\ckq\Desktop\TourCommentApiPro\TourCommentApi\TourCommentApi\Views\SpotNumComparedView.py", line 14, in get_spot_num_compard
    body = json.loads(request.body);
ValueError: Unexpected character found when decoding 'true'
[2018-10-16 20:34:56,845] [ERROR] "POST /api/spotnumcompared HTTP/1.1" 500 17278
[2018-10-16 20:37:39,983] [ERROR] Internal Server Error: /api/spotnumcompared
Traceback (most recent call last):
  File "E:\Anaconda\envs\en1\lib\site-packages\django\core\handlers\exception.py", line 35, in inner
    response = get_response(request)
  File "E:\Anaconda\envs\en1\lib\site-packages\django\core\handlers\base.py", line 128, in _get_response
    response = self.process_exception_by_middleware(e, request)
  File "E:\Anaconda\envs\en1\lib\site-packages\django\core\handlers\base.py", line 126, in _get_response
    response = wrapped_callback(request, *callback_args, **callback_kwargs)
  File "E:\Anaconda\envs\en1\lib\site-packages\django\views\decorators\csrf.py", line 54, in wrapped_view
    return view_func(*args, **kwargs)
  File "E:\Anaconda\envs\en1\lib\site-packages\django\views\generic\base.py", line 69, in view
    return self.dispatch(request, *args, **kwargs)
  File "E:\Anaconda\envs\en1\lib\site-packages\rest_framework\views.py", line 483, in dispatch
    response = self.handle_exception(exc)
  File "E:\Anaconda\envs\en1\lib\site-packages\rest_framework\views.py", line 443, in handle_exception
    self.raise_uncaught_exception(exc)
  File "E:\Anaconda\envs\en1\lib\site-packages\rest_framework\views.py", line 480, in dispatch
    response = handler(request, *args, **kwargs)
  File "C:\Users\ckq\Desktop\TourCommentApiPro\TourCommentApi\TourCommentApi\Views\SpotNumComparedView.py", line 80, in post
    return get_spot_num_compard(request);
  File "C:\Users\ckq\Desktop\TourCommentApiPro\TourCommentApi\TourCommentApi\Views\SpotNumComparedView.py", line 14, in get_spot_num_compard
    body = json.loads(request.body);
ValueError: Unexpected character found when decoding 'true'
[2018-10-16 20:37:40,230] [ERROR] "POST /api/spotnumcompared HTTP/1.1" 500 17278
[2018-10-16 20:41:06,959] [INFO] "OPTIONS /api/spotcompared HTTP/1.1" 200 0
[2018-10-16 20:41:07,243] [WARNING] Not Found: /api/spotcompared
[2018-10-16 20:41:07,246] [WARNING] "POST /api/spotcompared HTTP/1.1" 404 2819
[2018-10-16 20:41:43,888] [INFO] "OPTIONS /api/spotnumcompared HTTP/1.1" 200 0
[2018-10-16 20:41:44,145] [ERROR] Internal Server Error: /api/spotnumcompared
Traceback (most recent call last):
  File "E:\Anaconda\envs\en1\lib\site-packages\django\core\handlers\exception.py", line 35, in inner
    response = get_response(request)
  File "E:\Anaconda\envs\en1\lib\site-packages\django\core\handlers\base.py", line 128, in _get_response
    response = self.process_exception_by_middleware(e, request)
  File "E:\Anaconda\envs\en1\lib\site-packages\django\core\handlers\base.py", line 126, in _get_response
    response = wrapped_callback(request, *callback_args, **callback_kwargs)
  File "E:\Anaconda\envs\en1\lib\site-packages\django\views\decorators\csrf.py", line 54, in wrapped_view
    return view_func(*args, **kwargs)
  File "E:\Anaconda\envs\en1\lib\site-packages\django\views\generic\base.py", line 69, in view
    return self.dispatch(request, *args, **kwargs)
  File "E:\Anaconda\envs\en1\lib\site-packages\rest_framework\views.py", line 483, in dispatch
    response = self.handle_exception(exc)
  File "E:\Anaconda\envs\en1\lib\site-packages\rest_framework\views.py", line 443, in handle_exception
    self.raise_uncaught_exception(exc)
  File "E:\Anaconda\envs\en1\lib\site-packages\rest_framework\views.py", line 480, in dispatch
    response = handler(request, *args, **kwargs)
  File "C:\Users\ckq\Desktop\TourCommentApiPro\TourCommentApi\TourCommentApi\Views\SpotNumComparedView.py", line 80, in post
    return get_spot_num_compard(request);
  File "C:\Users\ckq\Desktop\TourCommentApiPro\TourCommentApi\TourCommentApi\Views\SpotNumComparedView.py", line 14, in get_spot_num_compard
    body = json.loads(request.body);
ValueError: Expected object or value
[2018-10-16 20:41:44,450] [ERROR] "POST /api/spotnumcompared HTTP/1.1" 500 17117
[2018-10-16 20:42:47,547] [ERROR] Internal Server Error: /api/spotnumcompared
Traceback (most recent call last):
  File "E:\Anaconda\envs\en1\lib\site-packages\django\core\handlers\exception.py", line 35, in inner
    response = get_response(request)
  File "E:\Anaconda\envs\en1\lib\site-packages\django\core\handlers\base.py", line 128, in _get_response
    response = self.process_exception_by_middleware(e, request)
  File "E:\Anaconda\envs\en1\lib\site-packages\django\core\handlers\base.py", line 126, in _get_response
    response = wrapped_callback(request, *callback_args, **callback_kwargs)
  File "E:\Anaconda\envs\en1\lib\site-packages\django\views\decorators\csrf.py", line 54, in wrapped_view
    return view_func(*args, **kwargs)
  File "E:\Anaconda\envs\en1\lib\site-packages\django\views\generic\base.py", line 69, in view
    return self.dispatch(request, *args, **kwargs)
  File "E:\Anaconda\envs\en1\lib\site-packages\rest_framework\views.py", line 483, in dispatch
    response = self.handle_exception(exc)
  File "E:\Anaconda\envs\en1\lib\site-packages\rest_framework\views.py", line 443, in handle_exception
    self.raise_uncaught_exception(exc)
  File "E:\Anaconda\envs\en1\lib\site-packages\rest_framework\views.py", line 480, in dispatch
    response = handler(request, *args, **kwargs)
  File "C:\Users\ckq\Desktop\TourCommentApiPro\TourCommentApi\TourCommentApi\Views\SpotNumComparedView.py", line 80, in post
    return get_spot_num_compard(request);
  File "C:\Users\ckq\Desktop\TourCommentApiPro\TourCommentApi\TourCommentApi\Views\SpotNumComparedView.py", line 14, in get_spot_num_compard
    body = json.loads(request.body);
ValueError: Expected object or value
[2018-10-16 20:42:47,793] [ERROR] "POST /api/spotnumcompared HTTP/1.1" 500 17117
[2018-10-16 20:47:46,767] [ERROR] Internal Server Error: /api/spotnumcompared
Traceback (most recent call last):
  File "E:\Anaconda\envs\en1\lib\site-packages\django\core\handlers\exception.py", line 35, in inner
    response = get_response(request)
  File "E:\Anaconda\envs\en1\lib\site-packages\django\core\handlers\base.py", line 128, in _get_response
    response = self.process_exception_by_middleware(e, request)
  File "E:\Anaconda\envs\en1\lib\site-packages\django\core\handlers\base.py", line 126, in _get_response
    response = wrapped_callback(request, *callback_args, **callback_kwargs)
  File "E:\Anaconda\envs\en1\lib\site-packages\django\views\decorators\csrf.py", line 54, in wrapped_view
    return view_func(*args, **kwargs)
  File "E:\Anaconda\envs\en1\lib\site-packages\django\views\generic\base.py", line 69, in view
    return self.dispatch(request, *args, **kwargs)
  File "E:\Anaconda\envs\en1\lib\site-packages\rest_framework\views.py", line 483, in dispatch
    response = self.handle_exception(exc)
  File "E:\Anaconda\envs\en1\lib\site-packages\rest_framework\views.py", line 443, in handle_exception
    self.raise_uncaught_exception(exc)
  File "E:\Anaconda\envs\en1\lib\site-packages\rest_framework\views.py", line 480, in dispatch
    response = handler(request, *args, **kwargs)
  File "C:\Users\ckq\Desktop\TourCommentApiPro\TourCommentApi\TourCommentApi\Views\SpotNumComparedView.py", line 80, in post
    return get_spot_num_compard(request);
  File "C:\Users\ckq\Desktop\TourCommentApiPro\TourCommentApi\TourCommentApi\Views\SpotNumComparedView.py", line 14, in get_spot_num_compard
    body = json.loads(request.body);
ValueError: Expected object or value
[2018-10-16 20:47:46,909] [ERROR] "POST /api/spotnumcompared HTTP/1.1" 500 17232
[2018-10-16 20:51:15,541] [ERROR] Internal Server Error: /api/spotnumcompared
Traceback (most recent call last):
  File "E:\Anaconda\envs\en1\lib\site-packages\django\core\handlers\exception.py", line 35, in inner
    response = get_response(request)
  File "E:\Anaconda\envs\en1\lib\site-packages\django\core\handlers\base.py", line 128, in _get_response
    response = self.process_exception_by_middleware(e, request)
  File "E:\Anaconda\envs\en1\lib\site-packages\django\core\handlers\base.py", line 126, in _get_response
    response = wrapped_callback(request, *callback_args, **callback_kwargs)
  File "E:\Anaconda\envs\en1\lib\site-packages\django\views\decorators\csrf.py", line 54, in wrapped_view
    return view_func(*args, **kwargs)
  File "E:\Anaconda\envs\en1\lib\site-packages\django\views\generic\base.py", line 69, in view
    return self.dispatch(request, *args, **kwargs)
  File "E:\Anaconda\envs\en1\lib\site-packages\rest_framework\views.py", line 483, in dispatch
    response = self.handle_exception(exc)
  File "E:\Anaconda\envs\en1\lib\site-packages\rest_framework\views.py", line 443, in handle_exception
    self.raise_uncaught_exception(exc)
  File "E:\Anaconda\envs\en1\lib\site-packages\rest_framework\views.py", line 480, in dispatch
    response = handler(request, *args, **kwargs)
  File "C:\Users\ckq\Desktop\TourCommentApiPro\TourCommentApi\TourCommentApi\Views\SpotNumComparedView.py", line 80, in post
    return get_spot_num_compard(request);
  File "C:\Users\ckq\Desktop\TourCommentApiPro\TourCommentApi\TourCommentApi\Views\SpotNumComparedView.py", line 14, in get_spot_num_compard
    body = json.loads(request.body);
ValueError: Expected object or value
[2018-10-16 20:51:15,746] [ERROR] "POST /api/spotnumcompared HTTP/1.1" 500 17175
[2018-10-16 21:07:21,306] [ERROR] Internal Server Error: /api/login
Traceback (most recent call last):
  File "C:\Users\ckq\Desktop\TourCommentApiPro\TourCommentApi\TourCommentApi\Views\LoginView.py", line 30, in login
    users = user.objects.get(username=username);
AttributeError: 'dict' object has no attribute 'objects'

During handling of the above exception, another exception occurred:

Traceback (most recent call last):
  File "E:\Anaconda\envs\en1\lib\site-packages\django\core\handlers\exception.py", line 35, in inner
    response = get_response(request)
  File "E:\Anaconda\envs\en1\lib\site-packages\django\core\handlers\base.py", line 128, in _get_response
    response = self.process_exception_by_middleware(e, request)
  File "E:\Anaconda\envs\en1\lib\site-packages\django\core\handlers\base.py", line 126, in _get_response
    response = wrapped_callback(request, *callback_args, **callback_kwargs)
  File "E:\Anaconda\envs\en1\lib\site-packages\django\views\decorators\csrf.py", line 54, in wrapped_view
    return view_func(*args, **kwargs)
  File "E:\Anaconda\envs\en1\lib\site-packages\django\views\generic\base.py", line 69, in view
    return self.dispatch(request, *args, **kwargs)
  File "E:\Anaconda\envs\en1\lib\site-packages\rest_framework\views.py", line 483, in dispatch
    response = self.handle_exception(exc)
  File "E:\Anaconda\envs\en1\lib\site-packages\rest_framework\views.py", line 443, in handle_exception
    self.raise_uncaught_exception(exc)
  File "E:\Anaconda\envs\en1\lib\site-packages\rest_framework\views.py", line 480, in dispatch
    response = handler(request, *args, **kwargs)
  File "E:\Anaconda\envs\en1\lib\site-packages\rest_framework\decorators.py", line 53, in handler
    return func(*args, **kwargs)
  File "C:\Users\ckq\Desktop\TourCommentApiPro\TourCommentApi\TourCommentApi\Views\LoginView.py", line 43, in login
    except user.DoesNotExist:
AttributeError: 'dict' object has no attribute 'DoesNotExist'
[2018-10-16 21:07:21,618] [ERROR] "POST /api/login HTTP/1.1" 500 17139
[2018-10-16 21:10:16,698] [INFO] "POST /api/login HTTP/1.1" 200 223
[2018-10-16 21:37:33,940] [ERROR] Internal Server Error: /api/login
Traceback (most recent call last):
  File "E:\Anaconda\envs\en1\lib\site-packages\django\core\handlers\exception.py", line 35, in inner
    response = get_response(request)
  File "E:\Anaconda\envs\en1\lib\site-packages\django\core\handlers\base.py", line 128, in _get_response
    response = self.process_exception_by_middleware(e, request)
  File "E:\Anaconda\envs\en1\lib\site-packages\django\core\handlers\base.py", line 126, in _get_response
    response = wrapped_callback(request, *callback_args, **callback_kwargs)
  File "E:\Anaconda\envs\en1\lib\site-packages\django\views\decorators\csrf.py", line 54, in wrapped_view
    return view_func(*args, **kwargs)
  File "E:\Anaconda\envs\en1\lib\site-packages\django\views\generic\base.py", line 69, in view
    return self.dispatch(request, *args, **kwargs)
  File "E:\Anaconda\envs\en1\lib\site-packages\rest_framework\views.py", line 483, in dispatch
    response = self.handle_exception(exc)
  File "E:\Anaconda\envs\en1\lib\site-packages\rest_framework\views.py", line 443, in handle_exception
    self.raise_uncaught_exception(exc)
  File "E:\Anaconda\envs\en1\lib\site-packages\rest_framework\views.py", line 480, in dispatch
    response = handler(request, *args, **kwargs)
  File "E:\Anaconda\envs\en1\lib\site-packages\rest_framework\decorators.py", line 53, in handler
    return func(*args, **kwargs)
  File "C:\Users\ckq\Desktop\TourCommentApiPro\TourCommentApi\TourCommentApi\Views\LoginView.py", line 22, in login
    loginUser = json.loads(request.body);
ValueError: Expected object or value
[2018-10-16 21:37:34,281] [ERROR] "POST /api/login HTTP/1.1" 500 17013
[2018-10-16 21:39:14,233] [ERROR] Internal Server Error: /api/login
Traceback (most recent call last):
  File "E:\Anaconda\envs\en1\lib\site-packages\django\core\handlers\exception.py", line 35, in inner
    response = get_response(request)
  File "E:\Anaconda\envs\en1\lib\site-packages\django\core\handlers\base.py", line 128, in _get_response
    response = self.process_exception_by_middleware(e, request)
  File "E:\Anaconda\envs\en1\lib\site-packages\django\core\handlers\base.py", line 126, in _get_response
    response = wrapped_callback(request, *callback_args, **callback_kwargs)
  File "E:\Anaconda\envs\en1\lib\site-packages\django\views\decorators\csrf.py", line 54, in wrapped_view
    return view_func(*args, **kwargs)
  File "E:\Anaconda\envs\en1\lib\site-packages\django\views\generic\base.py", line 69, in view
    return self.dispatch(request, *args, **kwargs)
  File "E:\Anaconda\envs\en1\lib\site-packages\rest_framework\views.py", line 483, in dispatch
    response = self.handle_exception(exc)
  File "E:\Anaconda\envs\en1\lib\site-packages\rest_framework\views.py", line 443, in handle_exception
    self.raise_uncaught_exception(exc)
  File "E:\Anaconda\envs\en1\lib\site-packages\rest_framework\views.py", line 480, in dispatch
    response = handler(request, *args, **kwargs)
  File "E:\Anaconda\envs\en1\lib\site-packages\rest_framework\decorators.py", line 53, in handler
    return func(*args, **kwargs)
  File "C:\Users\ckq\Desktop\TourCommentApiPro\TourCommentApi\TourCommentApi\Views\LoginView.py", line 22, in login
    loginUser = json.loads(request.body);
ValueError: Expected object or value
[2018-10-16 21:39:14,428] [ERROR] "POST /api/login HTTP/1.1" 500 17077
[2018-10-16 21:42:04,751] [WARNING] "POST /api/login HTTP/1.1" 401 58
[2018-10-16 21:44:51,953] [INFO] This is an errormsg
[2018-10-16 21:44:51,956] [INFO] "POST /api/login HTTP/1.1" 200 48
[2018-10-16 21:45:28,533] [INFO] This is an errormsg
[2018-10-16 21:45:28,536] [INFO] "POST /api/login HTTP/1.1" 200 48
[2018-10-16 21:45:49,301] [INFO] "POST /api/login HTTP/1.1" 200 223
[2018-10-16 21:45:53,660] [INFO] "OPTIONS /api/getuser HTTP/1.1" 200 0
[2018-10-16 21:45:53,736] [INFO] "GET /api/getuser HTTP/1.1" 200 51
[2018-10-16 21:50:14,612] [INFO] "GET /api/getuser HTTP/1.1" 200 51
